DEBUG 2019-06-09 13:11:48,643: 	 Executing command: 'submit'
DEBUG 2019-06-09 13:11:48,658: 	 Found CRAB cache file /uscms/home/skim2/.crab3
DEBUG 2019-06-09 13:11:48,686: 	 Checking credentials
DEBUG 2019-06-09 13:11:48,686: 	 Found proxy file /uscms/home/skim2/x509up_u54978
DEBUG 2019-06-09 13:11:48,686: 	 Getting proxy life time left
DEBUG 2019-06-09 13:11:48,790: 	 Executing : 
 command : voms-proxy-info -file /uscms/home/skim2/x509up_u54978 -timeleft
 output : 42946

 error: 
 retcode : 0
DEBUG 2019-06-09 13:11:48,894: 	 Executing : 
 command : voms-proxy-info -file /uscms/home/skim2/x509up_u54978 -actimeleft
 output : 42946

 error: 
 retcode : 0
DEBUG 2019-06-09 13:11:48,894: 	 Proxy valid for 11:55:46 hours
DEBUG 2019-06-09 13:11:48,896: 	 Will use CRAB Analysis plugin (i.e. will run an analysis job type).
DEBUG 2019-06-09 13:11:49,024: 	 Executing : 
 command : openssl x509 -in ~/.globus/usercert.pem -subject -noout
 output : subject= /DC=ch/DC=cern/OU=Organic Units/OU=Users/CN=suho/CN=833637/CN=Suho Kim

 error: 
 retcode : 0
DEBUG 2019-06-09 13:11:49,024: 	 Checking credentials
DEBUG 2019-06-09 13:11:49,024: 	 Found proxy file /uscms/home/skim2/x509up_u54978
DEBUG 2019-06-09 13:11:49,024: 	 Getting proxy life time left
DEBUG 2019-06-09 13:11:49,128: 	 Executing : 
 command : voms-proxy-info -file /uscms/home/skim2/x509up_u54978 -timeleft
 output : 42945

 error: 
 retcode : 0
DEBUG 2019-06-09 13:11:49,232: 	 Executing : 
 command : voms-proxy-info -file /uscms/home/skim2/x509up_u54978 -actimeleft
 output : 42945

 error: 
 retcode : 0
DEBUG 2019-06-09 13:11:49,233: 	 Proxy valid for 11:55:45 hours
DEBUG 2019-06-09 13:11:49,337: 	 Executing : 
 command : env X509_USER_PROXY=/uscms/home/skim2/x509up_u54978 voms-proxy-info -fqan
 output : /cms/Role=NULL/Capability=NULL

 error: 
 retcode : 0
DEBUG 2019-06-09 13:11:49,940: 	 Registering user credentials for server /DC=ch/DC=cern/OU=computers/CN=vocms(052|058|030|0118|0105|0109).cern.ch|/DC=ch/DC=cern/OU=computers/CN=crab-(preprod|prod)-tw(02|01).cern.ch
DEBUG 2019-06-09 13:11:50,050: 	 Executing : 
 command : openssl x509 -in ~/.globus/usercert.pem -subject -noout
 output : subject= /DC=ch/DC=cern/OU=Organic Units/OU=Users/CN=suho/CN=833637/CN=Suho Kim

 error: 
 retcode : 0
DEBUG 2019-06-09 13:11:50,050: 	 Getting myproxy life time left for myproxy.cern.ch
DEBUG 2019-06-09 13:11:50,050: 	 Calculating hash of /DC=ch/DC=cern/OU=Organic Units/OU=Users/CN=suho/CN=833637/CN=Suho Kim_cmsweb.cern.ch for credential name
DEBUG 2019-06-09 13:11:51,056: 	 Executing : 
 command : myproxy-info -l a47256a1dddc6ec84f2d33894c6ed740770b8ac0 -s myproxy.cern.ch
 output : username: a47256a1dddc6ec84f2d33894c6ed740770b8ac0
owner: /DC=ch/DC=cern/OU=Organic Units/OU=Users/CN=suho/CN=833637/CN=Suho Kim
  renewal policy: /DC=ch/DC=cern/OU=computers/CN=vocms(052|058|030|0118|0105|0109).cern.ch|/DC=ch/DC=cern/OU=computers/CN=crab-(preprod|prod)-tw(02|01).cern.ch
  trusted retrieval policy: /DC=ch/DC=cern/OU=computers/CN=vocms(052|058|030|0118|0105|0109).cern.ch|/DC=ch/DC=cern/OU=computers/CN=crab-(preprod|prod)-tw(02|01).cern.ch
  timeleft: 309:33:09  (12.9 days)

 error: 
 retcode : 0
DEBUG 2019-06-09 13:11:51,058: 	 Myproxy is valid: 1114389
DEBUG 2019-06-09 13:11:51,162: 	 Executing : 
 command : openssl x509 -noout -in ~/.globus/usercert.pem -dates
 output : notBefore=Nov 18 19:23:28 2018 GMT
notAfter=Dec 23 19:23:28 2019 GMT

 error: 
 retcode : 0
DEBUG 2019-06-09 13:11:51,185: 	 Delegating a myproxy for 720:00 hours
DEBUG 2019-06-09 13:11:51,185: 	 Calculating hash of /DC=ch/DC=cern/OU=Organic Units/OU=Users/CN=suho/CN=833637/CN=Suho Kim_cmsweb.cern.ch for credential name
DEBUG 2019-06-09 13:12:31,067: 	 Executing : 
 command : export GT_PROXY_MODE=rfc ; myproxy-init -d -n -s myproxy.cern.ch -x -R '/DC=ch/DC=cern/OU=computers/CN=vocms(052|058|030|0118|0105|0109).cern.ch|/DC=ch/DC=cern/OU=computers/CN=crab-(preprod|prod)-tw(02|01).cern.ch' -x -Z '/DC=ch/DC=cern/OU=computers/CN=vocms(052|058|030|0118|0105|0109).cern.ch|/DC=ch/DC=cern/OU=computers/CN=crab-(preprod|prod)-tw(02|01).cern.ch' -l 'a47256a1dddc6ec84f2d33894c6ed740770b8ac0' -t 168:00 -c 720:00
 output : Your identity: /DC=ch/DC=cern/OU=Organic Units/OU=Users/CN=suho/CN=833637/CN=Suho Kim
Creating proxy ........................... Done
Proxy Verify OK
Your proxy is valid until: Tue Jul  9 13:12:30 2019
A proxy valid for 720 hours (30.0 days) for user a47256a1dddc6ec84f2d33894c6ed740770b8ac0 now exists on myproxy.cern.ch.

 error: 
 retcode : 0
DEBUG 2019-06-09 13:12:31,067: 	 Calculating hash of /DC=ch/DC=cern/OU=Organic Units/OU=Users/CN=suho/CN=833637/CN=Suho Kim_cmsweb.cern.ch for credential name
DEBUG 2019-06-09 13:12:31,873: 	 Executing : 
 command : myproxy-info -l a47256a1dddc6ec84f2d33894c6ed740770b8ac0 -s myproxy.cern.ch
 output : username: a47256a1dddc6ec84f2d33894c6ed740770b8ac0
owner: /DC=ch/DC=cern/OU=Organic Units/OU=Users/CN=suho/CN=833637/CN=Suho Kim
  renewal policy: /DC=ch/DC=cern/OU=computers/CN=vocms(052|058|030|0118|0105|0109).cern.ch|/DC=ch/DC=cern/OU=computers/CN=crab-(preprod|prod)-tw(02|01).cern.ch
  trusted retrieval policy: /DC=ch/DC=cern/OU=computers/CN=vocms(052|058|030|0118|0105|0109).cern.ch|/DC=ch/DC=cern/OU=computers/CN=crab-(preprod|prod)-tw(02|01).cern.ch
  timeleft: 719:59:59  (30.0 days)

 error: 
 retcode : 0
DEBUG 2019-06-09 13:12:31,873: 	 My-proxy delegated.
DEBUG 2019-06-09 13:12:31,874: 	 Command use: submit
DEBUG 2019-06-09 13:12:31,874: 	 Options use: ['--config', <WMCore.Configuration.Configuration object at 0x7f2607565fd0>]
DEBUG 2019-06-09 13:12:32,507: 	 CRABClient version: 3.3.1904
DEBUG 2019-06-09 13:12:32,507: 	 Instance is prod
DEBUG 2019-06-09 13:12:32,507: 	 Server base url is cmsweb.cern.ch
DEBUG 2019-06-09 13:12:32,507: 	 Command url /crabserver/prod/workflow
DEBUG 2019-06-09 13:12:32,507: 	 Started submission
DEBUG 2019-06-09 13:12:32,507: 	 Working on /uscms_data/d3/skim2/2018-LLDJ_slc6_700_CMSSW_10_2_15/src/2018lldj/ntuples/config/gitignore/2018_LLDJ_prac/crabsubmits_2018_LLDJ_prac/crab_DY50_1_amc
DEBUG 2019-06-09 13:12:33,299: 	 Loading required information from the environment
DEBUG 2019-06-09 13:12:33,299: 	 Found CMSSW_10_2_15 for slc6_amd64_gcc700 with base /uscms_data/d3/skim2/2018-LLDJ_slc6_700_CMSSW_10_2_15
DEBUG 2019-06-09 13:12:33,299: 	 Loading required information from the environment
DEBUG 2019-06-09 13:12:33,299: 	 Found CMSSW_10_2_15 for slc6_amd64_gcc700 with base /uscms_data/d3/skim2/2018-LLDJ_slc6_700_CMSSW_10_2_15
DEBUG 2019-06-09 13:12:33,325: 	 UNIQUE NAME: tarUUID b166cd3e-9bdc-42e4-9013-58bda2bd5602 
DEBUG 2019-06-09 13:12:33,326: 	 self.config: from WMCore.Configuration import Configuration
config = Configuration()
config.section_('General')
config.General.transferLogs = False
config.General.workArea = 'crabsubmits_2018_LLDJ_prac'
config.General.requestName = 'DY50_1_amc'
config.section_('JobType')
config.JobType.numCores = 4
config.JobType.maxMemoryMB = 3000
config.JobType.pluginName = 'Analysis'
config.JobType.allowUndistributedCMSSW = True
config.JobType.psetName = 'run_mc_102XAOD.py'
config.JobType.sendExternalFolder = True
config.section_('Data')
config.Data.inputDataset = '/DYJetsToLL_M-50_TuneCP5_13TeV-amcatnloFXFX-pythia8/RunIIAutumn18DRPremix-102X_upgrade2018_realistic_v15-v1/AODSIM'
config.Data.publication = False
config.Data.unitsPerJob = 180
config.Data.ignoreLocality = True
config.Data.inputDBS = 'global'
config.Data.splitting = 'Automatic'
config.Data.outLFNDirBase = '/store/group/lpchbb/LLDJntuples/2018_LLDJ_prac'
config.Data.totalUnits = -1
config.section_('Site')
config.Site.whitelist = ['T2_US*']
config.Site.storageSite = 'T3_US_FNALLPC'
config.section_('User')
config.section_('Debug')

DEBUG 2019-06-09 13:12:33,326: 	 self.config.JobType.psetName: run_mc_102XAOD.py
INFO 2019-06-09 13:12:33,327: 	 Importing CMSSW configuration run_mc_102XAOD.py
INFO 2019-06-09 13:12:36,509: 	 Finished importing CMSSW configuration run_mc_102XAOD.py
INFO 2019-06-09 13:12:36,510: 	 You are requesting more than 1 core per job. Please make sure that your multi-threaded code is thread-safe and CPU-efficient, and request the correct amount of memory since the default 'maxMemoryMB' value is meant for single core jobs.
DEBUG 2019-06-09 13:12:36,510: 	 Writing CMSSW configuration to /uscms_data/d3/skim2/2018-LLDJ_slc6_700_CMSSW_10_2_15/src/2018lldj/ntuples/config/gitignore/2018_LLDJ_prac/crabsubmits_2018_LLDJ_prac/crab_DY50_1_amc/inputs/PSet.py
DEBUG 2019-06-09 13:12:37,516: 	 The following EDM output files will be collected: []
DEBUG 2019-06-09 13:12:37,516: 	 The following TFile output files will be collected: ['lldjntuple_mc_AOD.root']
DEBUG 2019-06-09 13:12:37,516: 	 The following user output files will be collected: []
DEBUG 2019-06-09 13:12:37,516: 	 Loading required information from the environment
DEBUG 2019-06-09 13:12:37,516: 	 Found CMSSW_10_2_15 for slc6_amd64_gcc700 with base /uscms_data/d3/skim2/2018-LLDJ_slc6_700_CMSSW_10_2_15
DEBUG 2019-06-09 13:12:37,516: 	 Making tarball in /uscms_data/d3/skim2/2018-LLDJ_slc6_700_CMSSW_10_2_15/src/2018lldj/ntuples/config/gitignore/2018_LLDJ_prac/crabsubmits_2018_LLDJ_prac/crab_DY50_1_amc/inputs/b166cd3e-9bdc-42e4-9013-58bda2bd5602default.tgz
DEBUG 2019-06-09 13:12:37,519: 	 Checking directory /uscms_data/d3/skim2/2018-LLDJ_slc6_700_CMSSW_10_2_15/lib
DEBUG 2019-06-09 13:12:37,519: 	 Adding directory /uscms_data/d3/skim2/2018-LLDJ_slc6_700_CMSSW_10_2_15/lib to tarball
DEBUG 2019-06-09 13:12:40,866: 	 Checking directory /uscms_data/d3/skim2/2018-LLDJ_slc6_700_CMSSW_10_2_15/biglib
DEBUG 2019-06-09 13:12:40,866: 	 Adding directory /uscms_data/d3/skim2/2018-LLDJ_slc6_700_CMSSW_10_2_15/biglib to tarball
DEBUG 2019-06-09 13:12:40,868: 	 Checking directory /uscms_data/d3/skim2/2018-LLDJ_slc6_700_CMSSW_10_2_15/module
DEBUG 2019-06-09 13:12:40,868: 	 Checking directory /uscms_data/d3/skim2/2018-LLDJ_slc6_700_CMSSW_10_2_15/external
DEBUG 2019-06-09 13:12:40,868: 	 Adding directory /uscms_data/d3/skim2/2018-LLDJ_slc6_700_CMSSW_10_2_15/external to tarball
DEBUG 2019-06-09 13:12:44,645: 	 Adding data directory /uscms_data/d3/skim2/2018-LLDJ_slc6_700_CMSSW_10_2_15/src/PhysicsTools/PatAlgos/interface to tarball
DEBUG 2019-06-09 13:12:45,439: 	 Adding data directory /uscms_data/d3/skim2/2018-LLDJ_slc6_700_CMSSW_10_2_15/src/RecoEgamma/EgammaTools/data to tarball
DEBUG 2019-06-09 13:12:45,562: 	 Adding data directory /uscms_data/d3/skim2/2018-LLDJ_slc6_700_CMSSW_10_2_15/src/RecoEgamma/EgammaTools/interface to tarball
DEBUG 2019-06-09 13:12:46,047: 	 Adding data directory /uscms_data/d3/skim2/2018-LLDJ_slc6_700_CMSSW_10_2_15/src/RecoEgamma/PhotonIdentification/data to tarball
DEBUG 2019-06-09 13:12:53,889: 	 Adding data directory /uscms_data/d3/skim2/2018-LLDJ_slc6_700_CMSSW_10_2_15/src/RecoEgamma/PhotonIdentification/interface to tarball
DEBUG 2019-06-09 13:12:54,277: 	 Adding data directory /uscms_data/d3/skim2/2018-LLDJ_slc6_700_CMSSW_10_2_15/src/RecoTracker/DebugTools/interface to tarball
DEBUG 2019-06-09 13:12:55,079: 	 Adding data directory /uscms_data/d3/skim2/2018-LLDJ_slc6_700_CMSSW_10_2_15/src/2018lldj/ntuples/interface to tarball
DEBUG 2019-06-09 13:12:55,834: 	 Uploading archive /uscms_data/d3/skim2/2018-LLDJ_slc6_700_CMSSW_10_2_15/src/2018lldj/ntuples/config/gitignore/2018_LLDJ_prac/crabsubmits_2018_LLDJ_prac/crab_DY50_1_amc/inputs/b166cd3e-9bdc-42e4-9013-58bda2bd5602default.tgz (32 MB) to the CRAB cache. Using URI https://cmsweb.cern.ch/crabcache
DEBUG 2019-06-09 13:13:41,212: 	 Loading required information from the environment
DEBUG 2019-06-09 13:13:41,212: 	 Found CMSSW_10_2_15 for slc6_amd64_gcc700 with base /uscms_data/d3/skim2/2018-LLDJ_slc6_700_CMSSW_10_2_15
DEBUG 2019-06-09 13:13:41,212: 	 Making tarball in /uscms_data/d3/skim2/2018-LLDJ_slc6_700_CMSSW_10_2_15/src/2018lldj/ntuples/config/gitignore/2018_LLDJ_prac/crabsubmits_2018_LLDJ_prac/crab_DY50_1_amc/inputs/debugFiles.tgz
DEBUG 2019-06-09 13:13:41,220: 	 Uploading archive /uscms_data/d3/skim2/2018-LLDJ_slc6_700_CMSSW_10_2_15/src/2018lldj/ntuples/config/gitignore/2018_LLDJ_prac/crabsubmits_2018_LLDJ_prac/crab_DY50_1_amc/inputs/debugFiles.tgz (3 KB) to the CRAB cache. Using URI https://cmsweb.cern.ch/crabcache
DEBUG 2019-06-09 13:13:41,897: 	 Result uploading input files: 137161c16d5226c901fc5523d8442fd5eb15593a0c28800628fcc678fd7817f1.tar.gz 
INFO 2019-06-09 13:13:41,897: 	 Sending the request to the server
DEBUG 2019-06-09 13:13:41,897: 	 Submitting {'maxjobruntime': 1250, 'extrajdl': [], 'ignorelocality': 1, 'savelogsflag': 0, 'useparent': 0, 'asyncdest': 'T3_US_FNALLPC', 'algoargs': 180, 'cachefilename': '137161c16d5226c901fc5523d8442fd5eb15593a0c28800628fcc678fd7817f1.tar.gz', 'numcores': 4, 'addoutputfiles': [], 'generator': 'pythia', 'maxmemory': 3000, 'publishdbsurl': 'https://cmsweb.cern.ch/dbs/prod/phys03/DBSWriter', 'priority': 10, 'jobsw': 'CMSSW_10_2_15', 'edmoutfiles': [], 'userfiles': [], 'primarydataset': '', 'inputdata': '/DYJetsToLL_M-50_TuneCP5_13TeV-amcatnloFXFX-pythia8/RunIIAutumn18DRPremix-102X_upgrade2018_realistic_v15-v1/AODSIM', 'lfn': '/store/group/lpchbb/LLDJntuples/2018_LLDJ_prac', 'dryrun': 0, 'workflow': 'crab_DY50_1_amc', 'sitewhitelist': ['T2_US*'], 'nonprodsw': 1, 'tfileoutfiles': ['lldjntuple_mc_AOD.root'], 'oneEventMode': 0, 'debugfilename': 'caec59db0b4cab77dc915d60ffec23234042719971a9267f19b6dc6077a863b7.tar.gz', 'cacheurl': u'https://cmsweb.cern.ch/crabcache', 'saveoutput': 1, 'publication': 0, 'jobarch': 'slc6_amd64_gcc700', 'totalunits': -1, 'splitalgo': 'Automatic', 'ignoreglobalblacklist': 0, 'nonvaliddata': 0, 'dbsurl': 'https://cmsweb.cern.ch/dbs/prod/global/DBSReader', 'publishgroupname': 0, 'jobtype': 'Analysis', 'publishname2': ''} 
DEBUG 2019-06-09 13:13:41,897: 	 Encoded submit request: maxjobruntime=1250&ignorelocality=1&savelogsflag=0&useparent=0&asyncdest=T3_US_FNALLPC&algoargs=180&cachefilename=137161c16d5226c901fc5523d8442fd5eb15593a0c28800628fcc678fd7817f1.tar.gz&numcores=4&generator=pythia&maxmemory=3000&publishdbsurl=https%3A%2F%2Fcmsweb.cern.ch%2Fdbs%2Fprod%2Fphys03%2FDBSWriter&priority=10&jobsw=CMSSW_10_2_15&primarydataset=&inputdata=%2FDYJetsToLL_M-50_TuneCP5_13TeV-amcatnloFXFX-pythia8%2FRunIIAutumn18DRPremix-102X_upgrade2018_realistic_v15-v1%2FAODSIM&lfn=%2Fstore%2Fgroup%2Flpchbb%2FLLDJntuples%2F2018_LLDJ_prac&dryrun=0&workflow=crab_DY50_1_amc&nonprodsw=1&oneEventMode=0&debugfilename=caec59db0b4cab77dc915d60ffec23234042719971a9267f19b6dc6077a863b7.tar.gz&cacheurl=https%3A%2F%2Fcmsweb.cern.ch%2Fcrabcache&saveoutput=1&publication=0&jobarch=slc6_amd64_gcc700&totalunits=-1&splitalgo=Automatic&ignoreglobalblacklist=0&nonvaliddata=0&dbsurl=https%3A%2F%2Fcmsweb.cern.ch%2Fdbs%2Fprod%2Fglobal%2FDBSReader&publishgroupname=0&jobtype=Analysis&publishname2=&sitewhitelist=T2_US%2A&tfileoutfiles=lldjntuple_mc_AOD.root
DEBUG 2019-06-09 13:13:42,693: 	 Result: {u'result': [{u'RequestName': u'190609_181342:suho_crab_DY50_1_amc'}]}
INFO 2019-06-09 13:13:42,697: 	 Success: Your task has been delivered to the CRAB3 server.
INFO 2019-06-09 13:13:42,697: 	 Task name: 190609_181342:suho_crab_DY50_1_amc
INFO 2019-06-09 13:13:42,697: 	 Project dir: crabsubmits_2018_LLDJ_prac/crab_DY50_1_amc
INFO 2019-06-09 13:13:42,697: 	 Please use 'crab status -d crabsubmits_2018_LLDJ_prac/crab_DY50_1_amc' to check how the submission process proceeds.
DEBUG 2019-06-09 13:13:42,698: 	 About to return
DEBUG 2019-06-09 13:23:09,712: 	 Executing command: 'status'
DEBUG 2019-06-09 13:23:09,713: 	 Found CRAB cache file /uscms/home/skim2/.crab3
DEBUG 2019-06-09 13:23:09,723: 	 Checking credentials
DEBUG 2019-06-09 13:23:09,724: 	 Found proxy file /uscms/home/skim2/x509up_u54978
DEBUG 2019-06-09 13:23:09,724: 	 Getting proxy life time left
DEBUG 2019-06-09 13:23:09,828: 	 Executing : 
 command : voms-proxy-info -file /uscms/home/skim2/x509up_u54978 -timeleft
 output : 42265

 error: 
 retcode : 0
DEBUG 2019-06-09 13:23:09,932: 	 Executing : 
 command : voms-proxy-info -file /uscms/home/skim2/x509up_u54978 -actimeleft
 output : 42265

 error: 
 retcode : 0
DEBUG 2019-06-09 13:23:09,932: 	 Proxy valid for 11:44:25 hours
DEBUG 2019-06-09 13:23:10,045: 	 Executing : 
 command : openssl x509 -in ~/.globus/usercert.pem -subject -noout
 output : subject= /DC=ch/DC=cern/OU=Organic Units/OU=Users/CN=suho/CN=833637/CN=Suho Kim

 error: 
 retcode : 0
DEBUG 2019-06-09 13:23:10,046: 	 Checking credentials
DEBUG 2019-06-09 13:23:10,046: 	 Found proxy file /uscms/home/skim2/x509up_u54978
DEBUG 2019-06-09 13:23:10,046: 	 Getting proxy life time left
DEBUG 2019-06-09 13:23:10,150: 	 Executing : 
 command : voms-proxy-info -file /uscms/home/skim2/x509up_u54978 -timeleft
 output : 42264

 error: 
 retcode : 0
DEBUG 2019-06-09 13:23:10,254: 	 Executing : 
 command : voms-proxy-info -file /uscms/home/skim2/x509up_u54978 -actimeleft
 output : 42264

 error: 
 retcode : 0
DEBUG 2019-06-09 13:23:10,254: 	 Proxy valid for 11:44:24 hours
DEBUG 2019-06-09 13:23:10,852: 	 Registering user credentials for server /DC=ch/DC=cern/OU=computers/CN=vocms(052|058|030|0118|0105|0109).cern.ch|/DC=ch/DC=cern/OU=computers/CN=crab-(preprod|prod)-tw(02|01).cern.ch
DEBUG 2019-06-09 13:23:10,962: 	 Executing : 
 command : openssl x509 -in ~/.globus/usercert.pem -subject -noout
 output : subject= /DC=ch/DC=cern/OU=Organic Units/OU=Users/CN=suho/CN=833637/CN=Suho Kim

 error: 
 retcode : 0
DEBUG 2019-06-09 13:23:10,963: 	 Getting myproxy life time left for myproxy.cern.ch
DEBUG 2019-06-09 13:23:10,963: 	 Calculating hash of /DC=ch/DC=cern/OU=Organic Units/OU=Users/CN=suho/CN=833637/CN=Suho Kim_cmsweb.cern.ch for credential name
DEBUG 2019-06-09 13:23:11,869: 	 Executing : 
 command : myproxy-info -l a47256a1dddc6ec84f2d33894c6ed740770b8ac0 -s myproxy.cern.ch
 output : username: a47256a1dddc6ec84f2d33894c6ed740770b8ac0
owner: /DC=ch/DC=cern/OU=Organic Units/OU=Users/CN=suho/CN=833637/CN=Suho Kim
  renewal policy: /DC=ch/DC=cern/OU=computers/CN=vocms(052|058|030|0118|0105|0109).cern.ch|/DC=ch/DC=cern/OU=computers/CN=crab-(preprod|prod)-tw(02|01).cern.ch
  trusted retrieval policy: /DC=ch/DC=cern/OU=computers/CN=vocms(052|058|030|0118|0105|0109).cern.ch|/DC=ch/DC=cern/OU=computers/CN=crab-(preprod|prod)-tw(02|01).cern.ch
  timeleft: 719:49:19  (30.0 days)

 error: 
 retcode : 0
DEBUG 2019-06-09 13:23:11,871: 	 Myproxy is valid: 2591359
DEBUG 2019-06-09 13:23:11,872: 	 Command use: status
DEBUG 2019-06-09 13:23:11,872: 	 Options use: ['-d', 'crabsubmits_2018_LLDJ_prac/crab_DY50_1_amc/']
DEBUG 2019-06-09 13:23:12,669: 	 CRABClient version: 3.3.1904
DEBUG 2019-06-09 13:23:12,669: 	 Instance is prod
DEBUG 2019-06-09 13:23:12,669: 	 Server base url is cmsweb.cern.ch
DEBUG 2019-06-09 13:23:12,669: 	 Command url /crabserver/prod/workflow
DEBUG 2019-06-09 13:23:13,537: 	 Got information from server oracle database: {u'result': [u'190609_181342:suho_crab_DY50_1_amc', u'None', u'None', u'SUBMITTED', u'SUBMIT', u'2019-06-09 18:13:42.612473', u'None', u'2019-06-09 18:14:44.923271', u'None', u'CMSSW_10_2_15', u'slc6_amd64_gcc700', u'/DYJetsToLL_M-50_TuneCP5_13TeV-amcatnloFXFX-pythia8/RunIIAutumn18DRPremix-102X_upgrade2018_realistic_v15-v1/AODSIM', u'F', u'0', u"['T2_US_UCSD', 'T2_US_Wisconsin', 'T2_US_Florida', 'T2_US_MIT', 'T2_US_Caltech', 'T2_US_Purdue', 'T2_US_Nebraska', 'T2_US_Vanderbilt']", u'[]', u'Automatic', u"{'splitOnRun': False, 'minutes_per_job': 180, 'halt_job_on_file_boundaries': False, 'runs': [], 'lumis': []}", u'137161c16d5226c901fc5523d8442fd5eb15593a0c28800628fcc678fd7817f1.tar.gz', u'https://cmsweb.cern.ch/crabcache', u'suho', u'/DC=ch/DC=cern/OU=Organic Units/OU=Users/CN=suho/CN=833637/CN=Suho Kim', u'cms', u'None', u'None', u'crab_DY50_1_amc-00000000000000000000000000000000', u'F', u'T3_US_FNALLPC', u'https://cmsweb.cern.ch/dbs/prod/global/DBSReader', u'https://cmsweb.cern.ch/dbs/prod/phys03/DBSWriter', u'F', u'[]', u"['lldjntuple_mc_AOD.root']", u'[]', u'Analysis', u'pythia', u'None', u'{}', u'[]', u'F', u'crab-prod-tw01', u'[]', u'1250', u'4', u'3000', u'10', u'None', u'["The following sites from the user site whitelist are blacklisted by the CRAB server: [u\'T2_US_Vanderbilt\']. Since the CRAB server blacklist has precedence, these sites are not considered in the user whitelist."]', u'http://vocms0155.cern.ch/mon/cms416/190609_181342:suho_crab_DY50_1_amc', u'None', u'[]', u'[]', u'https://cmsweb.cern.ch/crabserver/prod', u'cmsgwms-collector-global.cern.ch:9620,cmssrv221.fnal.gov:9620', u'crab3@vocms0155.cern.ch', u'F', u'[]', u'T', u'/store/group/lpchbb/LLDJntuples/2018_LLDJ_prac', u'T', u'None', u'F', u'None', u'DYJetsToLL_M-50_TuneCP5_13TeV-amcatnloFXFX-pythia8', u'None', u'caec59db0b4cab77dc915d60ffec23234042719971a9267f19b6dc6077a863b7.tar.gz', u'40414318', u'filetransfers', u'F', u'131.225.190.121', u'-1.0', u'None'], u'desc': {u'columns': [u'tm_taskname', u'tm_activity', u'panda_jobset_id', u'tm_task_status', u'tm_task_command', u'tm_start_time', u'tm_start_injection', u'tm_end_injection', u'tm_task_failure', u'tm_job_sw', u'tm_job_arch', u'tm_input_dataset', u'tm_nonvalid_input_dataset', u'tm_use_parent', u'tm_site_whitelist', u'tm_site_blacklist', u'tm_split_algo', u'tm_split_args', u'tm_user_sandbox', u'tm_cache_url', u'tm_username', u'tm_user_dn', u'tm_user_vo', u'tm_user_role', u'tm_user_group', u'tm_publish_name', u'tm_publish_groupname', u'tm_asyncdest', u'tm_dbs_url', u'tm_publish_dbs_url', u'tm_publication', u'tm_outfiles', u'tm_tfile_outfiles', u'tm_edm_outfiles', u'tm_job_type', u'tm_generator', u'tm_events_per_lumi', u'tm_arguments', u'panda_resubmitted_jobs', u'tm_save_logs', u'tw_name', u'tm_user_infiles', u'tm_maxjobruntime', u'tm_numcores', u'tm_maxmemory', u'tm_priority', u'tm_output_dataset', u'tm_task_warnings', u'tm_user_webdir', u'tm_scriptexe', u'tm_scriptargs', u'tm_extrajdl', u'tm_asourl', u'tm_collector', u'tm_schedd', u'tm_dry_run', u'tm_user_files', u'tm_transfer_outputs', u'tm_output_lfn', u'tm_ignore_locality', u'tm_fail_limit', u'tm_one_event_mode', u'tm_secondary_input_dataset', u'tm_primary_dataset', u'tm_last_publication', u'tm_debug_files', u'clusterid', u'tm_asodb', u'tm_ignore_global_blacklist', u'tm_submitter_ip_addr', u'tm_totalunits', u'tm_ddm_reqid']}}
INFO 2019-06-09 13:23:13,538: 	 CRAB project directory:		/uscms_data/d3/skim2/2018-LLDJ_slc6_700_CMSSW_10_2_15/src/2018lldj/ntuples/config/gitignore/2018_LLDJ_prac/crabsubmits_2018_LLDJ_prac/crab_DY50_1_amc
INFO 2019-06-09 13:23:13,538: 	 Task name:			190609_181342:suho_crab_DY50_1_amc
INFO 2019-06-09 13:23:13,538: 	 Grid scheduler - Task Worker:	crab3@vocms0155.cern.ch - crab-prod-tw01
INFO 2019-06-09 13:23:13,538: 	 Status on the CRAB server:	SUBMITTED
INFO 2019-06-09 13:23:13,538: 	 Task URL to use for HELP:	https://cmsweb.cern.ch/crabserver/ui/task/190609_181342%3Asuho_crab_DY50_1_amc
INFO 2019-06-09 13:23:13,538: 	 Dashboard monitoring URL:	http://dashb-cms-job.cern.ch/dashboard/templates/task-analysis/#user=suho&refresh=0&table=Jobs&p=1&records=25&activemenu=2&status=&site=&tid=190609_181342%3Asuho_crab_DY50_1_amc
INFO 2019-06-09 13:23:13,538: 	 New dashboard monitoring URL:	https://monit-grafana.cern.ch/d/cmsTMDetail/cms-task-monitoring-task-view?orgId=11&var-user=suho&var-task=190609_181342%3Asuho_crab_DY50_1_amc
INFO 2019-06-09 13:23:13,539: 	 In case of issues with the new dashboard, please provide feedback to hn-cms-computing-tools@cern.ch
WARNING 2019-06-09 13:23:13,539: 	 Warning:			The following sites from the user site whitelist are blacklisted by the CRAB server: [u'T2_US_Vanderbilt']. Since the CRAB server blacklist has precedence, these sites are not considered in the user whitelist.
DEBUG 2019-06-09 13:23:13,539: 	 The CRAB server submitted your task to the Grid scheduler (cluster ID: 40414318)
DEBUG 2019-06-09 13:23:13,539: 	 Webdir is located at http://vocms0155.cern.ch/mon/cms416/190609_181342:suho_crab_DY50_1_amc
DEBUG 2019-06-09 13:23:16,386: 	 Proxied webdir is located at https://cmsweb.cern.ch/scheddmon/0155/cms416/190609_181342:suho_crab_DY50_1_amc
DEBUG 2019-06-09 13:23:16,386: 	 Retrieving 'status_cache' file from https://cmsweb.cern.ch/scheddmon/0155/cms416/190609_181342:suho_crab_DY50_1_amc/status_cache
DEBUG 2019-06-09 13:23:19,789: 	 Got information from status cache file: {'0-4': {'Retries': 0, 'WallDurations': [0], 'StartTimes': [], 'SubmitTimes': [1560104101.0], 'JobIds': ['40414348.0'], 'EndTimes': [], 'Restarts': 0, 'RecordedSite': False, 'State': 'idle', 'ResidentSetSize': [0], 'TotalUserCpuTimeHistory': [0.0], 'SiteHistory': ['Unknown'], 'TotalSysCpuTimeHistory': [0.0]}, '0-5': {'Retries': 0, 'WallDurations': [0], 'StartTimes': [], 'SubmitTimes': [1560104101.0], 'JobIds': ['40414349.0'], 'EndTimes': [], 'Restarts': 0, 'RecordedSite': False, 'State': 'idle', 'ResidentSetSize': [0], 'TotalUserCpuTimeHistory': [0.0], 'SiteHistory': ['Unknown'], 'TotalSysCpuTimeHistory': [0.0]}, '0-1': {'Retries': 0, 'WallDurations': [0], 'StartTimes': [], 'SubmitTimes': [1560104100.0], 'JobIds': ['40414346.0'], 'EndTimes': [], 'Restarts': 0, 'RecordedSite': False, 'State': 'idle', 'ResidentSetSize': [0], 'TotalUserCpuTimeHistory': [0.0], 'SiteHistory': ['Unknown'], 'TotalSysCpuTimeHistory': [0.0]}, '0-2': {'Retries': 0, 'WallDurations': [0], 'StartTimes': [], 'SubmitTimes': [1560104100.0], 'JobIds': ['40414347.0'], 'EndTimes': [], 'Restarts': 0, 'RecordedSite': False, 'State': 'idle', 'ResidentSetSize': [0], 'TotalUserCpuTimeHistory': [0.0], 'SiteHistory': ['Unknown'], 'TotalSysCpuTimeHistory': [0.0]}, '0-3': {'Retries': 0, 'WallDurations': [0], 'StartTimes': [], 'SubmitTimes': [1560104100.0], 'JobIds': ['40414345.0'], 'EndTimes': [], 'Restarts': 0, 'RecordedSite': False, 'State': 'idle', 'ResidentSetSize': [0], 'TotalUserCpuTimeHistory': [0.0], 'SiteHistory': ['Unknown'], 'TotalSysCpuTimeHistory': [0.0]}}
INFO 2019-06-09 13:23:19,789: 	 Status on the scheduler:	SUBMITTED
INFO 2019-06-09 13:23:19,789: 	 
No publication information (publication has been disabled in the CRAB configuration file)
INFO 2019-06-09 13:23:19,797: 	 Log file is /uscms_data/d3/skim2/2018-LLDJ_slc6_700_CMSSW_10_2_15/src/2018lldj/ntuples/config/gitignore/2018_LLDJ_prac/crabsubmits_2018_LLDJ_prac/crab_DY50_1_amc/crab.log
DEBUG 2019-06-09 18:44:57,694: 	 Executing command: 'status'
DEBUG 2019-06-09 18:44:57,694: 	 Found CRAB cache file /uscms/home/skim2/.crab3
DEBUG 2019-06-09 18:44:57,712: 	 Checking credentials
DEBUG 2019-06-09 18:44:57,713: 	 Found proxy file /uscms/home/skim2/x509up_u54978
DEBUG 2019-06-09 18:44:57,713: 	 Getting proxy life time left
DEBUG 2019-06-09 18:44:57,815: 	 Executing : 
 command : voms-proxy-info -file /uscms/home/skim2/x509up_u54978 -timeleft
 output : 43174

 error: 
 retcode : 0
DEBUG 2019-06-09 18:44:57,918: 	 Executing : 
 command : voms-proxy-info -file /uscms/home/skim2/x509up_u54978 -actimeleft
 output : 43173

 error: 
 retcode : 0
DEBUG 2019-06-09 18:44:57,918: 	 Proxy lifetime 43174 secs is different from voms extension lifetime 43173 secs for proxy: /uscms/home/skim2/x509up_u54978
DEBUG 2019-06-09 18:44:57,918: 	 Proxy valid for 11:59:33 hours
DEBUG 2019-06-09 18:44:58,027: 	 Executing : 
 command : openssl x509 -in ~/.globus/usercert.pem -subject -noout
 output : subject= /DC=ch/DC=cern/OU=Organic Units/OU=Users/CN=suho/CN=833637/CN=Suho Kim

 error: 
 retcode : 0
DEBUG 2019-06-09 18:44:58,027: 	 Checking credentials
DEBUG 2019-06-09 18:44:58,027: 	 Found proxy file /uscms/home/skim2/x509up_u54978
DEBUG 2019-06-09 18:44:58,028: 	 Getting proxy life time left
DEBUG 2019-06-09 18:44:58,130: 	 Executing : 
 command : voms-proxy-info -file /uscms/home/skim2/x509up_u54978 -timeleft
 output : 43173

 error: 
 retcode : 0
DEBUG 2019-06-09 18:44:58,232: 	 Executing : 
 command : voms-proxy-info -file /uscms/home/skim2/x509up_u54978 -actimeleft
 output : 43172

 error: 
 retcode : 0
DEBUG 2019-06-09 18:44:58,233: 	 Proxy lifetime 43173 secs is different from voms extension lifetime 43172 secs for proxy: /uscms/home/skim2/x509up_u54978
DEBUG 2019-06-09 18:44:58,233: 	 Proxy valid for 11:59:32 hours
DEBUG 2019-06-09 18:44:58,830: 	 Registering user credentials for server /DC=ch/DC=cern/OU=computers/CN=vocms(052|058|030|0118|0105|0109).cern.ch|/DC=ch/DC=cern/OU=computers/CN=crab-(preprod|prod)-tw(02|01).cern.ch
DEBUG 2019-06-09 18:44:58,937: 	 Executing : 
 command : openssl x509 -in ~/.globus/usercert.pem -subject -noout
 output : subject= /DC=ch/DC=cern/OU=Organic Units/OU=Users/CN=suho/CN=833637/CN=Suho Kim

 error: 
 retcode : 0
DEBUG 2019-06-09 18:44:58,937: 	 Getting myproxy life time left for myproxy.cern.ch
DEBUG 2019-06-09 18:44:58,937: 	 Calculating hash of /DC=ch/DC=cern/OU=Organic Units/OU=Users/CN=suho/CN=833637/CN=Suho Kim_cmsweb.cern.ch for credential name
DEBUG 2019-06-09 18:44:59,941: 	 Executing : 
 command : myproxy-info -l a47256a1dddc6ec84f2d33894c6ed740770b8ac0 -s myproxy.cern.ch
 output : username: a47256a1dddc6ec84f2d33894c6ed740770b8ac0
owner: /DC=ch/DC=cern/OU=Organic Units/OU=Users/CN=suho/CN=833637/CN=Suho Kim
  renewal policy: /DC=ch/DC=cern/OU=computers/CN=vocms(052|058|030|0118|0105|0109).cern.ch|/DC=ch/DC=cern/OU=computers/CN=crab-(preprod|prod)-tw(02|01).cern.ch
  trusted retrieval policy: /DC=ch/DC=cern/OU=computers/CN=vocms(052|058|030|0118|0105|0109).cern.ch|/DC=ch/DC=cern/OU=computers/CN=crab-(preprod|prod)-tw(02|01).cern.ch
  timeleft: 714:27:31  (29.8 days)

 error: 
 retcode : 0
DEBUG 2019-06-09 18:44:59,942: 	 Myproxy is valid: 2572051
DEBUG 2019-06-09 18:44:59,943: 	 Command use: status
DEBUG 2019-06-09 18:44:59,943: 	 Options use: ['-d', 'crabsubmits_2018_LLDJ_prac/crab_DY50_1_amc/']
DEBUG 2019-06-09 18:45:00,548: 	 CRABClient version: 3.3.1904
DEBUG 2019-06-09 18:45:00,548: 	 Instance is prod
DEBUG 2019-06-09 18:45:00,548: 	 Server base url is cmsweb.cern.ch
DEBUG 2019-06-09 18:45:00,548: 	 Command url /crabserver/prod/workflow
DEBUG 2019-06-09 18:45:01,154: 	 Got information from server oracle database: {u'result': [u'190609_181342:suho_crab_DY50_1_amc', u'None', u'None', u'SUBMITTED', u'SUBMIT', u'2019-06-09 18:13:42.612473', u'None', u'2019-06-09 18:14:44.923271', u'None', u'CMSSW_10_2_15', u'slc6_amd64_gcc700', u'/DYJetsToLL_M-50_TuneCP5_13TeV-amcatnloFXFX-pythia8/RunIIAutumn18DRPremix-102X_upgrade2018_realistic_v15-v1/AODSIM', u'F', u'0', u"['T2_US_UCSD', 'T2_US_Wisconsin', 'T2_US_Florida', 'T2_US_MIT', 'T2_US_Caltech', 'T2_US_Purdue', 'T2_US_Nebraska', 'T2_US_Vanderbilt']", u'[]', u'Automatic', u"{'splitOnRun': False, 'minutes_per_job': 180, 'halt_job_on_file_boundaries': False, 'runs': [], 'lumis': []}", u'137161c16d5226c901fc5523d8442fd5eb15593a0c28800628fcc678fd7817f1.tar.gz', u'https://cmsweb.cern.ch/crabcache', u'suho', u'/DC=ch/DC=cern/OU=Organic Units/OU=Users/CN=suho/CN=833637/CN=Suho Kim', u'cms', u'None', u'None', u'crab_DY50_1_amc-00000000000000000000000000000000', u'F', u'T3_US_FNALLPC', u'https://cmsweb.cern.ch/dbs/prod/global/DBSReader', u'https://cmsweb.cern.ch/dbs/prod/phys03/DBSWriter', u'F', u'[]', u"['lldjntuple_mc_AOD.root']", u'[]', u'Analysis', u'pythia', u'None', u'{}', u'[]', u'F', u'crab-prod-tw01', u'[]', u'1250', u'4', u'3000', u'10', u'None', u'["The following sites from the user site whitelist are blacklisted by the CRAB server: [u\'T2_US_Vanderbilt\']. Since the CRAB server blacklist has precedence, these sites are not considered in the user whitelist."]', u'http://vocms0155.cern.ch/mon/cms416/190609_181342:suho_crab_DY50_1_amc', u'None', u'[]', u'[]', u'https://cmsweb.cern.ch/crabserver/prod', u'cmsgwms-collector-global.cern.ch:9620,cmssrv221.fnal.gov:9620', u'crab3@vocms0155.cern.ch', u'F', u'[]', u'T', u'/store/group/lpchbb/LLDJntuples/2018_LLDJ_prac', u'T', u'None', u'F', u'None', u'DYJetsToLL_M-50_TuneCP5_13TeV-amcatnloFXFX-pythia8', u'None', u'caec59db0b4cab77dc915d60ffec23234042719971a9267f19b6dc6077a863b7.tar.gz', u'40414318', u'filetransfers', u'F', u'131.225.190.121', u'-1.0', u'None'], u'desc': {u'columns': [u'tm_taskname', u'tm_activity', u'panda_jobset_id', u'tm_task_status', u'tm_task_command', u'tm_start_time', u'tm_start_injection', u'tm_end_injection', u'tm_task_failure', u'tm_job_sw', u'tm_job_arch', u'tm_input_dataset', u'tm_nonvalid_input_dataset', u'tm_use_parent', u'tm_site_whitelist', u'tm_site_blacklist', u'tm_split_algo', u'tm_split_args', u'tm_user_sandbox', u'tm_cache_url', u'tm_username', u'tm_user_dn', u'tm_user_vo', u'tm_user_role', u'tm_user_group', u'tm_publish_name', u'tm_publish_groupname', u'tm_asyncdest', u'tm_dbs_url', u'tm_publish_dbs_url', u'tm_publication', u'tm_outfiles', u'tm_tfile_outfiles', u'tm_edm_outfiles', u'tm_job_type', u'tm_generator', u'tm_events_per_lumi', u'tm_arguments', u'panda_resubmitted_jobs', u'tm_save_logs', u'tw_name', u'tm_user_infiles', u'tm_maxjobruntime', u'tm_numcores', u'tm_maxmemory', u'tm_priority', u'tm_output_dataset', u'tm_task_warnings', u'tm_user_webdir', u'tm_scriptexe', u'tm_scriptargs', u'tm_extrajdl', u'tm_asourl', u'tm_collector', u'tm_schedd', u'tm_dry_run', u'tm_user_files', u'tm_transfer_outputs', u'tm_output_lfn', u'tm_ignore_locality', u'tm_fail_limit', u'tm_one_event_mode', u'tm_secondary_input_dataset', u'tm_primary_dataset', u'tm_last_publication', u'tm_debug_files', u'clusterid', u'tm_asodb', u'tm_ignore_global_blacklist', u'tm_submitter_ip_addr', u'tm_totalunits', u'tm_ddm_reqid']}}
INFO 2019-06-09 18:45:01,154: 	 CRAB project directory:		/uscms_data/d3/skim2/2018-LLDJ_slc6_700_CMSSW_10_2_15/src/2018lldj/ntuples/config/gitignore/2018_LLDJ_prac/crabsubmits_2018_LLDJ_prac/crab_DY50_1_amc
INFO 2019-06-09 18:45:01,154: 	 Task name:			190609_181342:suho_crab_DY50_1_amc
INFO 2019-06-09 18:45:01,154: 	 Grid scheduler - Task Worker:	crab3@vocms0155.cern.ch - crab-prod-tw01
INFO 2019-06-09 18:45:01,154: 	 Status on the CRAB server:	SUBMITTED
INFO 2019-06-09 18:45:01,154: 	 Task URL to use for HELP:	https://cmsweb.cern.ch/crabserver/ui/task/190609_181342%3Asuho_crab_DY50_1_amc
INFO 2019-06-09 18:45:01,155: 	 Dashboard monitoring URL:	http://dashb-cms-job.cern.ch/dashboard/templates/task-analysis/#user=suho&refresh=0&table=Jobs&p=1&records=25&activemenu=2&status=&site=&tid=190609_181342%3Asuho_crab_DY50_1_amc
INFO 2019-06-09 18:45:01,155: 	 New dashboard monitoring URL:	https://monit-grafana.cern.ch/d/cmsTMDetail/cms-task-monitoring-task-view?orgId=11&var-user=suho&var-task=190609_181342%3Asuho_crab_DY50_1_amc
INFO 2019-06-09 18:45:01,155: 	 In case of issues with the new dashboard, please provide feedback to hn-cms-computing-tools@cern.ch
WARNING 2019-06-09 18:45:01,155: 	 Warning:			The following sites from the user site whitelist are blacklisted by the CRAB server: [u'T2_US_Vanderbilt']. Since the CRAB server blacklist has precedence, these sites are not considered in the user whitelist.
DEBUG 2019-06-09 18:45:01,155: 	 The CRAB server submitted your task to the Grid scheduler (cluster ID: 40414318)
DEBUG 2019-06-09 18:45:01,155: 	 Webdir is located at http://vocms0155.cern.ch/mon/cms416/190609_181342:suho_crab_DY50_1_amc
DEBUG 2019-06-09 18:45:01,743: 	 Proxied webdir is located at https://cmsweb.cern.ch/scheddmon/0155/cms416/190609_181342:suho_crab_DY50_1_amc
DEBUG 2019-06-09 18:45:01,743: 	 Retrieving 'status_cache' file from https://cmsweb.cern.ch/scheddmon/0155/cms416/190609_181342:suho_crab_DY50_1_amc/status_cache
DEBUG 2019-06-09 18:45:02,367: 	 Got information from status cache file: {'20': {'Retries': 0, 'WallDurations': [12.0, 7877.0, 34.744879961013794], 'StartTimes': [1560108876.0, 1560121446.0], 'SubmitTimes': [1560106300.0], 'JobIds': ['40415807.0'], 'EndTimes': [], 'Restarts': 0, 'RecordedSite': True, 'State': 'running', 'ResidentSetSize': [2125612], 'TotalUserCpuTimeHistory': [0.0], 'SiteHistory': ['Unknown', 'T2_US_Florida', 'T2_US_Florida'], 'TotalSysCpuTimeHistory': [0.0]}, '21': {'Retries': 0, 'WallDurations': [9.0, 9109.0, 134.7448799610138], 'StartTimes': [1560108846.0, 1560121346.0], 'SubmitTimes': [1560106306.0], 'JobIds': ['40415815.0'], 'EndTimes': [], 'Restarts': 0, 'RecordedSite': True, 'State': 'running', 'ResidentSetSize': [2285852], 'TotalUserCpuTimeHistory': [0.0], 'SiteHistory': ['Unknown', 'T2_US_Florida', 'T2_US_MIT'], 'TotalSysCpuTimeHistory': [0.0]}, '22': {'Retries': 0, 'WallDurations': [8.0, 8811.0, 182.36105489730835], 'StartTimes': [1560108849.0, 1560121599.0], 'SubmitTimes': [1560106309.0], 'JobIds': ['40415817.0'], 'EndTimes': [], 'Restarts': 0, 'RecordedSite': True, 'State': 'running', 'ResidentSetSize': [2101076], 'TotalUserCpuTimeHistory': [0.0], 'SiteHistory': ['Unknown', 'T2_US_Florida', 'T2_US_Florida'], 'TotalSysCpuTimeHistory': [0.0]}, '23': {'Retries': 0, 'WallDurations': [9.0, 8828.0], 'StartTimes': [1560108850.0], 'SubmitTimes': [1560106308.0], 'JobIds': ['40415816.0'], 'EndTimes': [1560117678.0], 'Restarts': 0, 'RecordedSite': True, 'State': 'finished', 'ResidentSetSize': [2254008], 'TotalUserCpuTimeHistory': [4834], 'SiteHistory': ['Unknown', 'T2_US_Florida'], 'TotalSysCpuTimeHistory': [839]}, '1': {'Retries': 0, 'WallDurations': [8.0, 8496.0, 161.36105489730835], 'StartTimes': [1560108850.0, 1560121620.0], 'SubmitTimes': [1560106235.0], 'JobIds': ['40415753.0'], 'EndTimes': [], 'Restarts': 0, 'RecordedSite': True, 'State': 'running', 'ResidentSetSize': [2164804], 'TotalUserCpuTimeHistory': [0.0], 'SiteHistory': ['Unknown', 'T2_US_Florida', 'T2_US_Wisconsin'], 'TotalSysCpuTimeHistory': [0.0]}, '3': {'Retries': 0, 'WallDurations': [9.0, 9099.0, 243.1413390636444], 'StartTimes': [1560108848.0, 1560121839.0], 'SubmitTimes': [1560106242.0], 'JobIds': ['40415765.0'], 'EndTimes': [], 'Restarts': 0, 'RecordedSite': True, 'State': 'running', 'ResidentSetSize': [2239356], 'TotalUserCpuTimeHistory': [0.0], 'SiteHistory': ['Unknown', 'T2_US_Florida', 'T2_US_Caltech'], 'TotalSysCpuTimeHistory': [0.0]}, '2': {'Retries': 0, 'WallDurations': [9.0, 9105.0, 138.36105489730835], 'StartTimes': [1560108848.0, 1560121643.0], 'SubmitTimes': [1560106235.0], 'JobIds': ['40415754.0'], 'EndTimes': [], 'Restarts': 0, 'RecordedSite': True, 'State': 'running', 'ResidentSetSize': [2074292], 'TotalUserCpuTimeHistory': [0.0], 'SiteHistory': ['Unknown', 'T2_US_Florida', 'T2_US_Wisconsin'], 'TotalSysCpuTimeHistory': [0.0]}, '5': {'Retries': 0, 'WallDurations': [10.0, 9114.0, 57.36105489730835], 'StartTimes': [1560108883.0, 1560121724.0], 'SubmitTimes': [1560106243.0], 'JobIds': ['40415768.0'], 'EndTimes': [], 'Restarts': 0, 'RecordedSite': True, 'State': 'running', 'ResidentSetSize': [2290548], 'TotalUserCpuTimeHistory': [0.0], 'SiteHistory': ['Unknown', 'T2_US_Florida', 'T2_US_Wisconsin'], 'TotalSysCpuTimeHistory': [0.0]}, '4': {'Retries': 0, 'WallDurations': [9.0, 9098.0, 138.7448799610138], 'StartTimes': [1560108851.0, 1560121342.0], 'SubmitTimes': [1560106234.0], 'JobIds': ['40415752.0'], 'EndTimes': [], 'Restarts': 0, 'RecordedSite': True, 'State': 'running', 'ResidentSetSize': [2107856], 'TotalUserCpuTimeHistory': [0.0], 'SiteHistory': ['Unknown', 'T2_US_Florida', 'T2_US_Wisconsin'], 'TotalSysCpuTimeHistory': [0.0]}, '7': {'Retries': 0, 'WallDurations': [10.0, 7383.0], 'StartTimes': [1560106941.0], 'SubmitTimes': [1560106246.0], 'JobIds': ['40415770.0'], 'EndTimes': [1560114324.0], 'Restarts': 0, 'RecordedSite': True, 'State': 'finished', 'ResidentSetSize': [2431040], 'TotalUserCpuTimeHistory': [8033], 'SiteHistory': ['Unknown', 'T2_US_Vanderbilt'], 'TotalSysCpuTimeHistory': [1357]}, '6': {'Retries': 0, 'WallDurations': [8.0, 11189.0], 'StartTimes': [1560106941.0], 'SubmitTimes': [1560106244.0], 'JobIds': ['40415769.0'], 'EndTimes': [1560118130.0], 'Restarts': 0, 'RecordedSite': True, 'State': 'finished', 'ResidentSetSize': [1964692], 'TotalUserCpuTimeHistory': [6326], 'SiteHistory': ['Unknown', 'T2_US_UCSD'], 'TotalSysCpuTimeHistory': [2254]}, '9': {'Retries': 0, 'WallDurations': [9.0, 10624.0, 294.36105489730835], 'StartTimes': [1560107419.0, 1560121487.0], 'SubmitTimes': [1560106252.0], 'JobIds': ['40415784.0'], 'EndTimes': [], 'Restarts': 0, 'RecordedSite': True, 'State': 'running', 'ResidentSetSize': [1386852], 'TotalUserCpuTimeHistory': [0.0], 'SiteHistory': ['Unknown', 'T2_US_Caltech', 'T2_US_MIT'], 'TotalSysCpuTimeHistory': [0.0]}, '8': {'Retries': 0, 'WallDurations': [9.0, 11082.0], 'StartTimes': [1560107048.0], 'SubmitTimes': [1560106251.0], 'JobIds': ['40415782.0'], 'EndTimes': [1560118130.0], 'Restarts': 0, 'RecordedSite': True, 'State': 'finished', 'ResidentSetSize': [1415148], 'TotalUserCpuTimeHistory': [3974], 'SiteHistory': ['Unknown', 'T2_US_Caltech'], 'TotalSysCpuTimeHistory': [2196]}, '0-4': {'Retries': 0, 'WallDurations': [8.0, 1114.0], 'StartTimes': [1560104589.0], 'SubmitTimes': [1560104101.0], 'JobIds': ['40414348.0'], 'EndTimes': [1560105703.0], 'Restarts': 0, 'RecordedSite': True, 'State': 'finished', 'ResidentSetSize': [1321184], 'TotalUserCpuTimeHistory': [662], 'SiteHistory': ['Unknown', 'T2_US_Florida'], 'TotalSysCpuTimeHistory': [86]}, '0-5': {'Retries': 0, 'WallDurations': [8.0, 993.0], 'StartTimes': [1560104583.0], 'SubmitTimes': [1560104101.0], 'JobIds': ['40414349.0'], 'EndTimes': [1560105576.0], 'Restarts': 0, 'RecordedSite': True, 'State': 'finished', 'ResidentSetSize': [1332792], 'TotalUserCpuTimeHistory': [387], 'SiteHistory': ['Unknown', 'T2_US_Florida'], 'TotalSysCpuTimeHistory': [56]}, '0-1': {'Retries': 0, 'WallDurations': [9.0, 1008.0], 'StartTimes': [1560104586.0], 'SubmitTimes': [1560104100.0], 'JobIds': ['40414346.0'], 'EndTimes': [1560105594.0], 'Restarts': 0, 'RecordedSite': True, 'State': 'finished', 'ResidentSetSize': [1345784], 'TotalUserCpuTimeHistory': [601], 'SiteHistory': ['Unknown', 'T2_US_Florida'], 'TotalSysCpuTimeHistory': [74]}, '0-2': {'Retries': 0, 'WallDurations': [10.0, 981.0], 'StartTimes': [1560104578.0], 'SubmitTimes': [1560104100.0], 'JobIds': ['40414347.0'], 'EndTimes': [1560105559.0], 'Restarts': 0, 'RecordedSite': True, 'State': 'finished', 'ResidentSetSize': [1281400], 'TotalUserCpuTimeHistory': [1135], 'SiteHistory': ['Unknown', 'T2_US_MIT'], 'TotalSysCpuTimeHistory': [156]}, '0-3': {'Retries': 0, 'WallDurations': [8.0, 980.0], 'StartTimes': [1560104580.0], 'SubmitTimes': [1560104100.0], 'JobIds': ['40414345.0'], 'EndTimes': [1560105560.0], 'Restarts': 0, 'RecordedSite': True, 'State': 'finished', 'ResidentSetSize': [1270732], 'TotalUserCpuTimeHistory': [929], 'SiteHistory': ['Unknown', 'T2_US_Vanderbilt'], 'TotalSysCpuTimeHistory': [202]}, '11': {'Retries': 0, 'WallDurations': [9.0, 10481.0, 0, 2410.0], 'StartTimes': [1560107753.0, 1560121346.0], 'SubmitTimes': [1560106252.0, -1], 'JobIds': ['40415788.0', '40415788.0'], 'EndTimes': [1560118234.0], 'Restarts': 1, 'RecordedSite': True, 'State': 'running', 'ResidentSetSize': [1305668, 1501064], 'TotalUserCpuTimeHistory': [3183.0, 2053.0], 'SiteHistory': ['Unknown', 'T2_US_Caltech', 'Unknown', 'T2_US_MIT'], 'TotalSysCpuTimeHistory': [2012.0, 387.0]}, '10': {'Retries': 0, 'WallDurations': [10.0, 9910.0], 'StartTimes': [1560107623.0], 'SubmitTimes': [1560106252.0], 'JobIds': ['40415786.0'], 'EndTimes': [1560117533.0], 'Restarts': 0, 'RecordedSite': True, 'State': 'finished', 'ResidentSetSize': [2444908], 'TotalUserCpuTimeHistory': [8914], 'SiteHistory': ['Unknown', 'T2_US_Vanderbilt'], 'TotalSysCpuTimeHistory': [1955]}, '13': {'Retries': 0, 'WallDurations': [9.0, 9185.0, 83.36105489730835], 'StartTimes': [1560108851.0, 1560121698.0], 'SubmitTimes': [1560106253.0], 'JobIds': ['40415792.0'], 'EndTimes': [], 'Restarts': 0, 'RecordedSite': True, 'State': 'running', 'ResidentSetSize': [2104880], 'TotalUserCpuTimeHistory': [0.0], 'SiteHistory': ['Unknown', 'T2_US_Florida', 'T2_US_Nebraska'], 'TotalSysCpuTimeHistory': [0.0]}, '12': {'Retries': 0, 'WallDurations': [9.0, 10000.0, 127.7448799610138], 'StartTimes': [1560107732.0, 1560121353.0], 'SubmitTimes': [1560106252.0], 'JobIds': ['40415790.0'], 'EndTimes': [], 'Restarts': 0, 'RecordedSite': True, 'State': 'running', 'ResidentSetSize': [1363328], 'TotalUserCpuTimeHistory': [0.0], 'SiteHistory': ['Unknown', 'T2_US_Caltech', 'T2_US_Florida'], 'TotalSysCpuTimeHistory': [0.0]}, '15': {'Retries': 0, 'WallDurations': [9.0, 7633.0], 'StartTimes': [1560108551.0], 'SubmitTimes': [1560106254.0], 'JobIds': ['40415795.0'], 'EndTimes': [1560116184.0], 'Restarts': 0, 'RecordedSite': True, 'State': 'finished', 'ResidentSetSize': [2299928], 'TotalUserCpuTimeHistory': [8165], 'SiteHistory': ['Unknown', 'T2_US_Vanderbilt'], 'TotalSysCpuTimeHistory': [1361]}, '14': {'Retries': 0, 'WallDurations': [8.0, 9400.0, 2114.0], 'StartTimes': [1560108556.0, 1560121675.0], 'SubmitTimes': [1560106253.0], 'JobIds': ['40415794.0'], 'EndTimes': [], 'Restarts': 0, 'RecordedSite': True, 'State': 'running', 'ResidentSetSize': [1750000], 'TotalUserCpuTimeHistory': [1774.0], 'SiteHistory': ['Unknown', 'T2_US_Florida', 'T2_US_Nebraska'], 'TotalSysCpuTimeHistory': [545.0]}, '17': {'Retries': 0, 'WallDurations': [8.0, 9658.0, 49.744879961013794], 'StartTimes': [1560108556.0, 1560121431.0], 'SubmitTimes': [1560106274.0], 'JobIds': ['40415800.0'], 'EndTimes': [], 'Restarts': 0, 'RecordedSite': True, 'State': 'running', 'ResidentSetSize': [2350544], 'TotalUserCpuTimeHistory': [0.0], 'SiteHistory': ['Unknown', 'T2_US_Florida', 'T2_US_Caltech'], 'TotalSysCpuTimeHistory': [0.0]}, '16': {'Retries': 0, 'WallDurations': [9.0, 9518.0, 110.7448799610138], 'StartTimes': [1560108545.0, 1560121370.0], 'SubmitTimes': [1560106260.0], 'JobIds': ['40415796.0'], 'EndTimes': [], 'Restarts': 0, 'RecordedSite': True, 'State': 'running', 'ResidentSetSize': [1961032], 'TotalUserCpuTimeHistory': [0.0], 'SiteHistory': ['Unknown', 'T2_US_Vanderbilt', 'T2_US_Florida'], 'TotalSysCpuTimeHistory': [0.0]}, '19': {'Retries': 0, 'WallDurations': [8.0, 7034.0], 'StartTimes': [1560108548.0], 'SubmitTimes': [1560106288.0], 'JobIds': ['40415805.0'], 'EndTimes': [1560115582.0], 'Restarts': 0, 'RecordedSite': True, 'State': 'finished', 'ResidentSetSize': [2329048], 'TotalUserCpuTimeHistory': [8460], 'SiteHistory': ['Unknown', 'T2_US_Vanderbilt'], 'TotalSysCpuTimeHistory': [1302]}, '18': {'Retries': 0, 'WallDurations': [9.0, 7711.0], 'StartTimes': [1560108547.0], 'SubmitTimes': [1560106281.0], 'JobIds': ['40415803.0'], 'EndTimes': [1560116258.0], 'Restarts': 0, 'RecordedSite': True, 'State': 'finished', 'ResidentSetSize': [2419536], 'TotalUserCpuTimeHistory': [8238], 'SiteHistory': ['Unknown', 'T2_US_Vanderbilt'], 'TotalSysCpuTimeHistory': [1321]}}
INFO 2019-06-09 18:45:02,367: 	 Status on the scheduler:	SUBMITTED
INFO 2019-06-09 18:45:02,367: 	 
Jobs status:                    finished     		 34.8% ( 8/23)
INFO 2019-06-09 18:45:02,367: 	 				running      		 65.2% (15/23)
INFO 2019-06-09 18:45:02,367: 	 
No publication information (publication has been disabled in the CRAB configuration file)
INFO 2019-06-09 18:45:02,368: 	 
Warning: the max jobs runtime is less than 30% of the task requested value (1250 min), please consider to request a lower value for failed jobs (allowed through crab resubmit) and/or improve the jobs splitting (e.g. config.Data.splitting = 'Automatic') in a new task.
INFO 2019-06-09 18:45:02,368: 	 
Warning: the average jobs CPU efficiency is less than 50%, please consider to request a lower number of threads for failed jobs (allowed through crab resubmit) and/or improve the jobs splitting (e.g. config.Data.splitting = 'Automatic') in a new task
INFO 2019-06-09 18:45:02,368: 	 
Summary of run jobs:
 * Memory: 2051MB min, 2387MB max, 2143MB ave
 * Runtime: 0:00:34 min, 3:06:29 max, 2:27:26 ave
 * CPU eff: 14% min, 35% max, 25% ave
 * Waste: 0:01:12 (0% of total)

INFO 2019-06-09 18:45:02,392: 	 Log file is /uscms_data/d3/skim2/2018-LLDJ_slc6_700_CMSSW_10_2_15/src/2018lldj/ntuples/config/gitignore/2018_LLDJ_prac/crabsubmits_2018_LLDJ_prac/crab_DY50_1_amc/crab.log
DEBUG 2019-06-10 09:49:53,482: 	 Executing command: 'status'
DEBUG 2019-06-10 09:49:53,482: 	 Found CRAB cache file /uscms/home/skim2/.crab3
DEBUG 2019-06-10 09:49:53,515: 	 Checking credentials
DEBUG 2019-06-10 09:49:53,516: 	 Found proxy file /uscms/home/skim2/x509up_u54978
DEBUG 2019-06-10 09:49:53,516: 	 Getting proxy life time left
DEBUG 2019-06-10 09:49:53,619: 	 Executing : 
 command : voms-proxy-info -file /uscms/home/skim2/x509up_u54978 -timeleft
 output : 40092

 error: 
 retcode : 0
DEBUG 2019-06-10 09:49:53,723: 	 Executing : 
 command : voms-proxy-info -file /uscms/home/skim2/x509up_u54978 -actimeleft
 output : 40092

 error: 
 retcode : 0
DEBUG 2019-06-10 09:49:53,723: 	 Proxy valid for 11:08:12 hours
DEBUG 2019-06-10 09:49:53,845: 	 Executing : 
 command : openssl x509 -in ~/.globus/usercert.pem -subject -noout
 output : subject= /DC=ch/DC=cern/OU=Organic Units/OU=Users/CN=suho/CN=833637/CN=Suho Kim

 error: 
 retcode : 0
DEBUG 2019-06-10 09:49:53,845: 	 Checking credentials
DEBUG 2019-06-10 09:49:53,845: 	 Found proxy file /uscms/home/skim2/x509up_u54978
DEBUG 2019-06-10 09:49:53,845: 	 Getting proxy life time left
DEBUG 2019-06-10 09:49:53,949: 	 Executing : 
 command : voms-proxy-info -file /uscms/home/skim2/x509up_u54978 -timeleft
 output : 40092

 error: 
 retcode : 0
DEBUG 2019-06-10 09:49:54,053: 	 Executing : 
 command : voms-proxy-info -file /uscms/home/skim2/x509up_u54978 -actimeleft
 output : 40091

 error: 
 retcode : 0
DEBUG 2019-06-10 09:49:54,054: 	 Proxy lifetime 40092 secs is different from voms extension lifetime 40091 secs for proxy: /uscms/home/skim2/x509up_u54978
DEBUG 2019-06-10 09:49:54,054: 	 Proxy valid for 11:08:11 hours
DEBUG 2019-06-10 09:49:54,660: 	 Registering user credentials for server /DC=ch/DC=cern/OU=computers/CN=vocms(052|058|030|0118|0105|0109).cern.ch|/DC=ch/DC=cern/OU=computers/CN=crab-(preprod|prod)-tw(02|01).cern.ch
DEBUG 2019-06-10 09:49:54,769: 	 Executing : 
 command : openssl x509 -in ~/.globus/usercert.pem -subject -noout
 output : subject= /DC=ch/DC=cern/OU=Organic Units/OU=Users/CN=suho/CN=833637/CN=Suho Kim

 error: 
 retcode : 0
DEBUG 2019-06-10 09:49:54,769: 	 Getting myproxy life time left for myproxy.cern.ch
DEBUG 2019-06-10 09:49:54,769: 	 Calculating hash of /DC=ch/DC=cern/OU=Organic Units/OU=Users/CN=suho/CN=833637/CN=Suho Kim_cmsweb.cern.ch for credential name
DEBUG 2019-06-10 09:49:55,875: 	 Executing : 
 command : myproxy-info -l a47256a1dddc6ec84f2d33894c6ed740770b8ac0 -s myproxy.cern.ch
 output : username: a47256a1dddc6ec84f2d33894c6ed740770b8ac0
owner: /DC=ch/DC=cern/OU=Organic Units/OU=Users/CN=suho/CN=833637/CN=Suho Kim
  renewal policy: /DC=ch/DC=cern/OU=computers/CN=vocms(052|058|030|0118|0105|0109).cern.ch|/DC=ch/DC=cern/OU=computers/CN=crab-(preprod|prod)-tw(02|01).cern.ch
  trusted retrieval policy: /DC=ch/DC=cern/OU=computers/CN=vocms(052|058|030|0118|0105|0109).cern.ch|/DC=ch/DC=cern/OU=computers/CN=crab-(preprod|prod)-tw(02|01).cern.ch
  timeleft: 699:22:35  (29.1 days)

 error: 
 retcode : 0
DEBUG 2019-06-10 09:49:55,877: 	 Myproxy is valid: 2517755
DEBUG 2019-06-10 09:49:55,879: 	 Command use: status
DEBUG 2019-06-10 09:49:55,879: 	 Options use: ['-d', 'crab_DY50_1_amc/']
DEBUG 2019-06-10 09:49:56,512: 	 CRABClient version: 3.3.1904
DEBUG 2019-06-10 09:49:56,512: 	 Instance is prod
DEBUG 2019-06-10 09:49:56,512: 	 Server base url is cmsweb.cern.ch
DEBUG 2019-06-10 09:49:56,512: 	 Command url /crabserver/prod/workflow
DEBUG 2019-06-10 09:49:57,205: 	 Got information from server oracle database: {u'result': [u'190609_181342:suho_crab_DY50_1_amc', u'None', u'None', u'SUBMITTED', u'SUBMIT', u'2019-06-09 18:13:42.612473', u'None', u'2019-06-09 18:14:44.923271', u'None', u'CMSSW_10_2_15', u'slc6_amd64_gcc700', u'/DYJetsToLL_M-50_TuneCP5_13TeV-amcatnloFXFX-pythia8/RunIIAutumn18DRPremix-102X_upgrade2018_realistic_v15-v1/AODSIM', u'F', u'0', u"['T2_US_UCSD', 'T2_US_Wisconsin', 'T2_US_Florida', 'T2_US_MIT', 'T2_US_Caltech', 'T2_US_Purdue', 'T2_US_Nebraska', 'T2_US_Vanderbilt']", u'[]', u'Automatic', u"{'splitOnRun': False, 'minutes_per_job': 180, 'halt_job_on_file_boundaries': False, 'runs': [], 'lumis': []}", u'137161c16d5226c901fc5523d8442fd5eb15593a0c28800628fcc678fd7817f1.tar.gz', u'https://cmsweb.cern.ch/crabcache', u'suho', u'/DC=ch/DC=cern/OU=Organic Units/OU=Users/CN=suho/CN=833637/CN=Suho Kim', u'cms', u'None', u'None', u'crab_DY50_1_amc-00000000000000000000000000000000', u'F', u'T3_US_FNALLPC', u'https://cmsweb.cern.ch/dbs/prod/global/DBSReader', u'https://cmsweb.cern.ch/dbs/prod/phys03/DBSWriter', u'F', u'[]', u"['lldjntuple_mc_AOD.root']", u'[]', u'Analysis', u'pythia', u'None', u'{}', u'[]', u'F', u'crab-prod-tw01', u'[]', u'1250', u'4', u'3000', u'10', u'None', u'["The following sites from the user site whitelist are blacklisted by the CRAB server: [u\'T2_US_Vanderbilt\']. Since the CRAB server blacklist has precedence, these sites are not considered in the user whitelist."]', u'http://vocms0155.cern.ch/mon/cms416/190609_181342:suho_crab_DY50_1_amc', u'None', u'[]', u'[]', u'https://cmsweb.cern.ch/crabserver/prod', u'cmsgwms-collector-global.cern.ch:9620,cmssrv221.fnal.gov:9620', u'crab3@vocms0155.cern.ch', u'F', u'[]', u'T', u'/store/group/lpchbb/LLDJntuples/2018_LLDJ_prac', u'T', u'None', u'F', u'None', u'DYJetsToLL_M-50_TuneCP5_13TeV-amcatnloFXFX-pythia8', u'None', u'caec59db0b4cab77dc915d60ffec23234042719971a9267f19b6dc6077a863b7.tar.gz', u'40414318', u'filetransfers', u'F', u'131.225.190.121', u'-1.0', u'None'], u'desc': {u'columns': [u'tm_taskname', u'tm_activity', u'panda_jobset_id', u'tm_task_status', u'tm_task_command', u'tm_start_time', u'tm_start_injection', u'tm_end_injection', u'tm_task_failure', u'tm_job_sw', u'tm_job_arch', u'tm_input_dataset', u'tm_nonvalid_input_dataset', u'tm_use_parent', u'tm_site_whitelist', u'tm_site_blacklist', u'tm_split_algo', u'tm_split_args', u'tm_user_sandbox', u'tm_cache_url', u'tm_username', u'tm_user_dn', u'tm_user_vo', u'tm_user_role', u'tm_user_group', u'tm_publish_name', u'tm_publish_groupname', u'tm_asyncdest', u'tm_dbs_url', u'tm_publish_dbs_url', u'tm_publication', u'tm_outfiles', u'tm_tfile_outfiles', u'tm_edm_outfiles', u'tm_job_type', u'tm_generator', u'tm_events_per_lumi', u'tm_arguments', u'panda_resubmitted_jobs', u'tm_save_logs', u'tw_name', u'tm_user_infiles', u'tm_maxjobruntime', u'tm_numcores', u'tm_maxmemory', u'tm_priority', u'tm_output_dataset', u'tm_task_warnings', u'tm_user_webdir', u'tm_scriptexe', u'tm_scriptargs', u'tm_extrajdl', u'tm_asourl', u'tm_collector', u'tm_schedd', u'tm_dry_run', u'tm_user_files', u'tm_transfer_outputs', u'tm_output_lfn', u'tm_ignore_locality', u'tm_fail_limit', u'tm_one_event_mode', u'tm_secondary_input_dataset', u'tm_primary_dataset', u'tm_last_publication', u'tm_debug_files', u'clusterid', u'tm_asodb', u'tm_ignore_global_blacklist', u'tm_submitter_ip_addr', u'tm_totalunits', u'tm_ddm_reqid']}}
INFO 2019-06-10 09:49:57,205: 	 CRAB project directory:		/uscms_data/d3/skim2/2018-LLDJ_slc6_700_CMSSW_10_2_15/src/2018lldj/ntuples/config/gitignore/2018_LLDJ_prac/crabsubmits_2018_LLDJ_prac/crab_DY50_1_amc
INFO 2019-06-10 09:49:57,205: 	 Task name:			190609_181342:suho_crab_DY50_1_amc
INFO 2019-06-10 09:49:57,206: 	 Grid scheduler - Task Worker:	crab3@vocms0155.cern.ch - crab-prod-tw01
INFO 2019-06-10 09:49:57,206: 	 Status on the CRAB server:	SUBMITTED
INFO 2019-06-10 09:49:57,206: 	 Task URL to use for HELP:	https://cmsweb.cern.ch/crabserver/ui/task/190609_181342%3Asuho_crab_DY50_1_amc
INFO 2019-06-10 09:49:57,206: 	 Dashboard monitoring URL:	http://dashb-cms-job.cern.ch/dashboard/templates/task-analysis/#user=suho&refresh=0&table=Jobs&p=1&records=25&activemenu=2&status=&site=&tid=190609_181342%3Asuho_crab_DY50_1_amc
INFO 2019-06-10 09:49:57,206: 	 New dashboard monitoring URL:	https://monit-grafana.cern.ch/d/cmsTMDetail/cms-task-monitoring-task-view?orgId=11&var-user=suho&var-task=190609_181342%3Asuho_crab_DY50_1_amc
INFO 2019-06-10 09:49:57,206: 	 In case of issues with the new dashboard, please provide feedback to hn-cms-computing-tools@cern.ch
WARNING 2019-06-10 09:49:57,206: 	 Warning:			The following sites from the user site whitelist are blacklisted by the CRAB server: [u'T2_US_Vanderbilt']. Since the CRAB server blacklist has precedence, these sites are not considered in the user whitelist.
DEBUG 2019-06-10 09:49:57,207: 	 The CRAB server submitted your task to the Grid scheduler (cluster ID: 40414318)
DEBUG 2019-06-10 09:49:57,207: 	 Webdir is located at http://vocms0155.cern.ch/mon/cms416/190609_181342:suho_crab_DY50_1_amc
DEBUG 2019-06-10 09:49:57,855: 	 Proxied webdir is located at https://cmsweb.cern.ch/scheddmon/0155/cms416/190609_181342:suho_crab_DY50_1_amc
DEBUG 2019-06-10 09:49:57,855: 	 Retrieving 'status_cache' file from https://cmsweb.cern.ch/scheddmon/0155/cms416/190609_181342:suho_crab_DY50_1_amc/status_cache
DEBUG 2019-06-10 09:49:58,545: 	 Got information from status cache file: {'1-9': {'Retries': 0, 'WallDurations': [8.0, 3404.0], 'StartTimes': [1560135163.0], 'SubmitTimes': [1560134780.0], 'JobIds': ['40439812.0'], 'EndTimes': [1560138567.0], 'Restarts': 0, 'RecordedSite': True, 'State': 'finished', 'ResidentSetSize': [1453696], 'TotalUserCpuTimeHistory': [2157], 'SiteHistory': ['Unknown', 'T2_US_Wisconsin'], 'TotalSysCpuTimeHistory': [389]}, '1-8': {'Retries': 0, 'WallDurations': [9.0, 1816.0], 'StartTimes': [1560135431.0], 'SubmitTimes': [1560134782.0], 'JobIds': ['40439834.0'], 'EndTimes': [1560137247.0], 'Restarts': 0, 'RecordedSite': True, 'State': 'finished', 'ResidentSetSize': [1444808], 'TotalUserCpuTimeHistory': [2257], 'SiteHistory': ['Unknown', 'T2_US_MIT'], 'TotalSysCpuTimeHistory': [278]}, '1-15': {'Retries': 0, 'WallDurations': [9.0, 4027.0], 'StartTimes': [1560135169.0], 'SubmitTimes': [1560134782.0], 'JobIds': ['40439828.0'], 'EndTimes': [1560139196.0], 'Restarts': 0, 'RecordedSite': True, 'State': 'finished', 'ResidentSetSize': [1594532], 'TotalUserCpuTimeHistory': [1805], 'SiteHistory': ['Unknown', 'T2_US_Florida'], 'TotalSysCpuTimeHistory': [381]}, '1-14': {'Retries': 0, 'WallDurations': [9.0, 2276.0], 'StartTimes': [1560135699.0], 'SubmitTimes': [1560134782.0], 'JobIds': ['40439838.0'], 'EndTimes': [1560137975.0], 'Restarts': 0, 'RecordedSite': True, 'State': 'finished', 'ResidentSetSize': [1503048], 'TotalUserCpuTimeHistory': [2616], 'SiteHistory': ['Unknown', 'T2_US_Wisconsin'], 'TotalSysCpuTimeHistory': [362]}, '1-16': {'Retries': 0, 'WallDurations': [9.0, 1402.0], 'StartTimes': [1560135985.0], 'SubmitTimes': [1560134783.0], 'JobIds': ['40439840.0'], 'EndTimes': [1560137387.0], 'Restarts': 0, 'RecordedSite': True, 'State': 'finished', 'ResidentSetSize': [1345920], 'TotalUserCpuTimeHistory': [555], 'SiteHistory': ['Unknown', 'T2_US_Florida'], 'TotalSysCpuTimeHistory': [144]}, '1-11': {'Retries': 0, 'WallDurations': [8.0, 4160.0], 'StartTimes': [1560135451.0], 'SubmitTimes': [1560134782.0], 'JobIds': ['40439832.0'], 'EndTimes': [1560139611.0], 'Restarts': 0, 'RecordedSite': True, 'State': 'finished', 'ResidentSetSize': [1531260], 'TotalUserCpuTimeHistory': [2664], 'SiteHistory': ['Unknown', 'T2_US_Florida'], 'TotalSysCpuTimeHistory': [675]}, '1-10': {'Retries': 0, 'WallDurations': [9.0, 2610.0], 'StartTimes': [1560135164.0], 'SubmitTimes': [1560134781.0], 'JobIds': ['40439820.0'], 'EndTimes': [1560137774.0], 'Restarts': 0, 'RecordedSite': True, 'State': 'finished', 'ResidentSetSize': [1459988], 'TotalUserCpuTimeHistory': [2124], 'SiteHistory': ['Unknown', 'T2_US_Vanderbilt'], 'TotalSysCpuTimeHistory': [361]}, '1-13': {'Retries': 0, 'WallDurations': [9.0, 2684.0], 'StartTimes': [1560135161.0], 'SubmitTimes': [1560134780.0], 'JobIds': ['40439810.0'], 'EndTimes': [1560137845.0], 'Restarts': 0, 'RecordedSite': True, 'State': 'finished', 'ResidentSetSize': [1368680], 'TotalUserCpuTimeHistory': [2726], 'SiteHistory': ['Unknown', 'T2_US_Wisconsin'], 'TotalSysCpuTimeHistory': [482]}, '1-12': {'Retries': 0, 'WallDurations': [10.0, 2286.0], 'StartTimes': [1560135168.0], 'SubmitTimes': [1560134781.0], 'JobIds': ['40439822.0'], 'EndTimes': [1560137454.0], 'Restarts': 0, 'RecordedSite': True, 'State': 'finished', 'ResidentSetSize': [1432796], 'TotalUserCpuTimeHistory': [2245], 'SiteHistory': ['Unknown', 'T2_US_Wisconsin'], 'TotalSysCpuTimeHistory': [324]}, '20': {'Retries': 0, 'WallDurations': [12.0, 7877.0, 10871.0], 'StartTimes': [1560108876.0, 1560121446.0], 'SubmitTimes': [1560106300.0], 'JobIds': ['40415807.0'], 'EndTimes': [1560132317.0], 'Restarts': 0, 'RecordedSite': True, 'State': 'finished', 'ResidentSetSize': [2121212], 'TotalUserCpuTimeHistory': [4773], 'SiteHistory': ['Unknown', 'T2_US_Florida', 'T2_US_Florida'], 'TotalSysCpuTimeHistory': [1127]}, '21': {'Retries': 0, 'WallDurations': [9.0, 9109.0, 10376.0], 'StartTimes': [1560108846.0, 1560121346.0], 'SubmitTimes': [1560106306.0], 'JobIds': ['40415815.0'], 'EndTimes': [1560131722.0], 'Restarts': 0, 'RecordedSite': True, 'State': 'finished', 'ResidentSetSize': [3567856], 'TotalUserCpuTimeHistory': [10139], 'SiteHistory': ['Unknown', 'T2_US_Florida', 'T2_US_MIT'], 'TotalSysCpuTimeHistory': [1676]}, '22': {'Retries': 0, 'WallDurations': [8.0, 8811.0, 10951.0], 'StartTimes': [1560108849.0, 1560121599.0], 'SubmitTimes': [1560106309.0], 'JobIds': ['40415817.0'], 'EndTimes': [1560132550.0], 'Restarts': 0, 'RecordedSite': True, 'State': 'finished', 'ResidentSetSize': [2250000], 'TotalUserCpuTimeHistory': [4362], 'SiteHistory': ['Unknown', 'T2_US_Florida', 'T2_US_Florida'], 'TotalSysCpuTimeHistory': [975]}, '23': {'Retries': 0, 'WallDurations': [9.0, 8828.0], 'StartTimes': [1560108850.0], 'SubmitTimes': [1560106308.0], 'JobIds': ['40415816.0'], 'EndTimes': [1560117678.0], 'Restarts': 0, 'RecordedSite': True, 'State': 'finished', 'ResidentSetSize': [2254008], 'TotalUserCpuTimeHistory': [4834], 'SiteHistory': ['Unknown', 'T2_US_Florida'], 'TotalSysCpuTimeHistory': [839]}, '1': {'Retries': 0, 'WallDurations': [8.0, 8496.0, 7632.0], 'StartTimes': [1560108850.0, 1560121620.0], 'SubmitTimes': [1560106235.0], 'JobIds': ['40415753.0'], 'EndTimes': [1560129252.0], 'Restarts': 0, 'RecordedSite': True, 'State': 'finished', 'ResidentSetSize': [2385168], 'TotalUserCpuTimeHistory': [6887], 'SiteHistory': ['Unknown', 'T2_US_Florida', 'T2_US_Wisconsin'], 'TotalSysCpuTimeHistory': [1190]}, '3': {'Retries': 0, 'WallDurations': [9.0, 9099.0, 10893.0], 'StartTimes': [1560108848.0, 1560121839.0], 'SubmitTimes': [1560106242.0], 'JobIds': ['40415765.0'], 'EndTimes': [1560132732.0], 'Restarts': 0, 'RecordedSite': True, 'State': 'finished', 'ResidentSetSize': [2239356], 'TotalUserCpuTimeHistory': [3943], 'SiteHistory': ['Unknown', 'T2_US_Florida', 'T2_US_Caltech'], 'TotalSysCpuTimeHistory': [2276]}, '2': {'Retries': 0, 'WallDurations': [9.0, 9105.0, 8408.0], 'StartTimes': [1560108848.0, 1560121643.0], 'SubmitTimes': [1560106235.0], 'JobIds': ['40415754.0'], 'EndTimes': [1560130051.0], 'Restarts': 0, 'RecordedSite': True, 'State': 'finished', 'ResidentSetSize': [2376164], 'TotalUserCpuTimeHistory': [6966], 'SiteHistory': ['Unknown', 'T2_US_Florida', 'T2_US_Wisconsin'], 'TotalSysCpuTimeHistory': [1048]}, '5': {'Retries': 0, 'WallDurations': [10.0, 9114.0, 8049.0], 'StartTimes': [1560108883.0, 1560121724.0], 'SubmitTimes': [1560106243.0], 'JobIds': ['40415768.0'], 'EndTimes': [1560129773.0], 'Restarts': 0, 'RecordedSite': True, 'State': 'finished', 'ResidentSetSize': [2500000], 'TotalUserCpuTimeHistory': [6845], 'SiteHistory': ['Unknown', 'T2_US_Florida', 'T2_US_Wisconsin'], 'TotalSysCpuTimeHistory': [1013]}, '4': {'Retries': 0, 'WallDurations': [9.0, 9098.0, 7712.0], 'StartTimes': [1560108851.0, 1560121342.0], 'SubmitTimes': [1560106234.0], 'JobIds': ['40415752.0'], 'EndTimes': [1560129054.0], 'Restarts': 0, 'RecordedSite': True, 'State': 'finished', 'ResidentSetSize': [2397796], 'TotalUserCpuTimeHistory': [6807], 'SiteHistory': ['Unknown', 'T2_US_Florida', 'T2_US_Wisconsin'], 'TotalSysCpuTimeHistory': [1150]}, '7': {'Retries': 0, 'WallDurations': [10.0, 7383.0], 'StartTimes': [1560106941.0], 'SubmitTimes': [1560106246.0], 'JobIds': ['40415770.0'], 'EndTimes': [1560114324.0], 'Restarts': 0, 'RecordedSite': True, 'State': 'finished', 'ResidentSetSize': [2431040], 'TotalUserCpuTimeHistory': [8033], 'SiteHistory': ['Unknown', 'T2_US_Vanderbilt'], 'TotalSysCpuTimeHistory': [1357]}, '6': {'Retries': 0, 'WallDurations': [8.0, 11189.0], 'StartTimes': [1560106941.0], 'SubmitTimes': [1560106244.0], 'JobIds': ['40415769.0'], 'EndTimes': [1560118130.0], 'Restarts': 0, 'RecordedSite': True, 'State': 'finished', 'ResidentSetSize': [1964692], 'TotalUserCpuTimeHistory': [6326], 'SiteHistory': ['Unknown', 'T2_US_UCSD'], 'TotalSysCpuTimeHistory': [2254]}, '9': {'Retries': 0, 'WallDurations': [9.0, 10624.0, 7813.0], 'StartTimes': [1560107419.0, 1560121487.0], 'SubmitTimes': [1560106252.0], 'JobIds': ['40415784.0'], 'EndTimes': [1560129300.0], 'Restarts': 0, 'RecordedSite': True, 'State': 'finished', 'ResidentSetSize': [2283872], 'TotalUserCpuTimeHistory': [9497], 'SiteHistory': ['Unknown', 'T2_US_Caltech', 'T2_US_MIT'], 'TotalSysCpuTimeHistory': [1034]}, '8': {'Retries': 0, 'WallDurations': [9.0, 11082.0], 'StartTimes': [1560107048.0], 'SubmitTimes': [1560106251.0], 'JobIds': ['40415782.0'], 'EndTimes': [1560118130.0], 'Restarts': 0, 'RecordedSite': True, 'State': 'finished', 'ResidentSetSize': [1415148], 'TotalUserCpuTimeHistory': [3974], 'SiteHistory': ['Unknown', 'T2_US_Caltech'], 'TotalSysCpuTimeHistory': [2196]}, '0-4': {'Retries': 0, 'WallDurations': [8.0, 1114.0], 'StartTimes': [1560104589.0], 'SubmitTimes': [1560104101.0], 'JobIds': ['40414348.0'], 'EndTimes': [1560105703.0], 'Restarts': 0, 'RecordedSite': True, 'State': 'finished', 'ResidentSetSize': [1321184], 'TotalUserCpuTimeHistory': [662], 'SiteHistory': ['Unknown', 'T2_US_Florida'], 'TotalSysCpuTimeHistory': [86]}, '0-5': {'Retries': 0, 'WallDurations': [8.0, 993.0], 'StartTimes': [1560104583.0], 'SubmitTimes': [1560104101.0], 'JobIds': ['40414349.0'], 'EndTimes': [1560105576.0], 'Restarts': 0, 'RecordedSite': True, 'State': 'finished', 'ResidentSetSize': [1332792], 'TotalUserCpuTimeHistory': [387], 'SiteHistory': ['Unknown', 'T2_US_Florida'], 'TotalSysCpuTimeHistory': [56]}, '0-1': {'Retries': 0, 'WallDurations': [9.0, 1008.0], 'StartTimes': [1560104586.0], 'SubmitTimes': [1560104100.0], 'JobIds': ['40414346.0'], 'EndTimes': [1560105594.0], 'Restarts': 0, 'RecordedSite': True, 'State': 'finished', 'ResidentSetSize': [1345784], 'TotalUserCpuTimeHistory': [601], 'SiteHistory': ['Unknown', 'T2_US_Florida'], 'TotalSysCpuTimeHistory': [74]}, '0-2': {'Retries': 0, 'WallDurations': [10.0, 981.0], 'StartTimes': [1560104578.0], 'SubmitTimes': [1560104100.0], 'JobIds': ['40414347.0'], 'EndTimes': [1560105559.0], 'Restarts': 0, 'RecordedSite': True, 'State': 'finished', 'ResidentSetSize': [1281400], 'TotalUserCpuTimeHistory': [1135], 'SiteHistory': ['Unknown', 'T2_US_MIT'], 'TotalSysCpuTimeHistory': [156]}, '0-3': {'Retries': 0, 'WallDurations': [8.0, 980.0], 'StartTimes': [1560104580.0], 'SubmitTimes': [1560104100.0], 'JobIds': ['40414345.0'], 'EndTimes': [1560105560.0], 'Restarts': 0, 'RecordedSite': True, 'State': 'finished', 'ResidentSetSize': [1270732], 'TotalUserCpuTimeHistory': [929], 'SiteHistory': ['Unknown', 'T2_US_Vanderbilt'], 'TotalSysCpuTimeHistory': [202]}, '1-1': {'Retries': 0, 'WallDurations': [9.0, 2148.0], 'StartTimes': [1560135161.0], 'SubmitTimes': [1560134781.0], 'JobIds': ['40439824.0'], 'EndTimes': [1560137309.0], 'Restarts': 0, 'RecordedSite': True, 'State': 'finished', 'ResidentSetSize': [1489632], 'TotalUserCpuTimeHistory': [2183], 'SiteHistory': ['Unknown', 'T2_US_Wisconsin'], 'TotalSysCpuTimeHistory': [322]}, '1-3': {'Retries': 0, 'WallDurations': [9.0, 2937.0], 'StartTimes': [1560135161.0], 'SubmitTimes': [1560134781.0], 'JobIds': ['40439816.0'], 'EndTimes': [1560138098.0], 'Restarts': 0, 'RecordedSite': True, 'State': 'finished', 'ResidentSetSize': [1469608], 'TotalUserCpuTimeHistory': [2310], 'SiteHistory': ['Unknown', 'T2_US_Wisconsin'], 'TotalSysCpuTimeHistory': [469]}, '1-2': {'Retries': 0, 'WallDurations': [9.0, 2730.0], 'StartTimes': [1560135178.0], 'SubmitTimes': [1560134782.0], 'JobIds': ['40439830.0'], 'EndTimes': [1560137908.0], 'Restarts': 0, 'RecordedSite': True, 'State': 'finished', 'ResidentSetSize': [1359260], 'TotalUserCpuTimeHistory': [1801], 'SiteHistory': ['Unknown', 'T2_US_Vanderbilt'], 'TotalSysCpuTimeHistory': [391]}, '1-5': {'Retries': 0, 'WallDurations': [9.0, 3937.0], 'StartTimes': [1560135447.0], 'SubmitTimes': [1560134782.0], 'JobIds': ['40439836.0'], 'EndTimes': [1560139384.0], 'Restarts': 0, 'RecordedSite': True, 'State': 'finished', 'ResidentSetSize': [1552448], 'TotalUserCpuTimeHistory': [2124], 'SiteHistory': ['Unknown', 'T2_US_Florida'], 'TotalSysCpuTimeHistory': [569]}, '1-4': {'Retries': 0, 'WallDurations': [9.0, 4572.0], 'StartTimes': [1560135185.0], 'SubmitTimes': [1560134781.0], 'JobIds': ['40439818.0'], 'EndTimes': [1560139757.0], 'Restarts': 0, 'RecordedSite': True, 'State': 'finished', 'ResidentSetSize': [1581508], 'TotalUserCpuTimeHistory': [3011], 'SiteHistory': ['Unknown', 'T2_US_Florida'], 'TotalSysCpuTimeHistory': [1053]}, '1-7': {'Retries': 0, 'WallDurations': [9.0, 2357.0], 'StartTimes': [1560135164.0], 'SubmitTimes': [1560134781.0], 'JobIds': ['40439826.0'], 'EndTimes': [1560137521.0], 'Restarts': 0, 'RecordedSite': True, 'State': 'finished', 'ResidentSetSize': [1545700], 'TotalUserCpuTimeHistory': [1992], 'SiteHistory': ['Unknown', 'T2_US_Wisconsin'], 'TotalSysCpuTimeHistory': [340]}, '1-6': {'Retries': 0, 'WallDurations': [9.0, 2464.0], 'StartTimes': [1560135165.0], 'SubmitTimes': [1560134780.0], 'JobIds': ['40439814.0'], 'EndTimes': [1560137629.0], 'Restarts': 0, 'RecordedSite': True, 'State': 'finished', 'ResidentSetSize': [1486656], 'TotalUserCpuTimeHistory': [2163], 'SiteHistory': ['Unknown', 'T2_US_Wisconsin'], 'TotalSysCpuTimeHistory': [347]}, '11': {'Retries': 0, 'WallDurations': [9.0, 10481.0, 0, 8096.0], 'StartTimes': [1560107753.0, 1560121346.0], 'SubmitTimes': [1560106252.0, -1], 'JobIds': ['40415788.0', '40415788.0'], 'EndTimes': [1560118234.0, 1560129442.0], 'Restarts': 1, 'RecordedSite': True, 'State': 'finished', 'ResidentSetSize': [1305668, 2401720], 'TotalUserCpuTimeHistory': [3183.0, 8648], 'SiteHistory': ['Unknown', 'T2_US_Caltech', 'Unknown', 'T2_US_MIT'], 'TotalSysCpuTimeHistory': [2012.0, 1248]}, '10': {'Retries': 0, 'WallDurations': [10.0, 9910.0], 'StartTimes': [1560107623.0], 'SubmitTimes': [1560106252.0], 'JobIds': ['40415786.0'], 'EndTimes': [1560117533.0], 'Restarts': 0, 'RecordedSite': True, 'State': 'finished', 'ResidentSetSize': [2444908], 'TotalUserCpuTimeHistory': [8914], 'SiteHistory': ['Unknown', 'T2_US_Vanderbilt'], 'TotalSysCpuTimeHistory': [1955]}, '13': {'Retries': 0, 'WallDurations': [9.0, 9185.0, 10930.0], 'StartTimes': [1560108851.0, 1560121698.0], 'SubmitTimes': [1560106253.0], 'JobIds': ['40415792.0'], 'EndTimes': [1560132628.0], 'Restarts': 0, 'RecordedSite': True, 'State': 'finished', 'ResidentSetSize': [2298564], 'TotalUserCpuTimeHistory': [13571], 'SiteHistory': ['Unknown', 'T2_US_Florida', 'T2_US_Nebraska'], 'TotalSysCpuTimeHistory': [2923]}, '12': {'Retries': 0, 'WallDurations': [9.0, 10000.0, 10843.0], 'StartTimes': [1560107732.0, 1560121353.0], 'SubmitTimes': [1560106252.0], 'JobIds': ['40415790.0'], 'EndTimes': [1560132196.0], 'Restarts': 0, 'RecordedSite': True, 'State': 'finished', 'ResidentSetSize': [2089604], 'TotalUserCpuTimeHistory': [4572], 'SiteHistory': ['Unknown', 'T2_US_Caltech', 'T2_US_Florida'], 'TotalSysCpuTimeHistory': [1081]}, '15': {'Retries': 0, 'WallDurations': [9.0, 7633.0], 'StartTimes': [1560108551.0], 'SubmitTimes': [1560106254.0], 'JobIds': ['40415795.0'], 'EndTimes': [1560116184.0], 'Restarts': 0, 'RecordedSite': True, 'State': 'finished', 'ResidentSetSize': [2299928], 'TotalUserCpuTimeHistory': [8165], 'SiteHistory': ['Unknown', 'T2_US_Vanderbilt'], 'TotalSysCpuTimeHistory': [1361]}, '14': {'Retries': 0, 'WallDurations': [8.0, 9400.0, 8550.0], 'StartTimes': [1560108556.0, 1560121675.0], 'SubmitTimes': [1560106253.0], 'JobIds': ['40415794.0'], 'EndTimes': [1560130225.0], 'Restarts': 0, 'RecordedSite': True, 'State': 'finished', 'ResidentSetSize': [2368784], 'TotalUserCpuTimeHistory': [7890], 'SiteHistory': ['Unknown', 'T2_US_Florida', 'T2_US_Nebraska'], 'TotalSysCpuTimeHistory': [2274]}, '17': {'Retries': 0, 'WallDurations': [8.0, 9658.0, 10912.0], 'StartTimes': [1560108556.0, 1560121431.0], 'SubmitTimes': [1560106274.0], 'JobIds': ['40415800.0'], 'EndTimes': [1560132343.0], 'Restarts': 0, 'RecordedSite': True, 'State': 'finished', 'ResidentSetSize': [2350544], 'TotalUserCpuTimeHistory': [4076], 'SiteHistory': ['Unknown', 'T2_US_Florida', 'T2_US_Caltech'], 'TotalSysCpuTimeHistory': [2162]}, '16': {'Retries': 0, 'WallDurations': [9.0, 9518.0, 10836.0], 'StartTimes': [1560108545.0, 1560121370.0], 'SubmitTimes': [1560106260.0], 'JobIds': ['40415796.0'], 'EndTimes': [1560132206.0], 'Restarts': 0, 'RecordedSite': True, 'State': 'finished', 'ResidentSetSize': [2075088], 'TotalUserCpuTimeHistory': [4552], 'SiteHistory': ['Unknown', 'T2_US_Vanderbilt', 'T2_US_Florida'], 'TotalSysCpuTimeHistory': [1179]}, '19': {'Retries': 0, 'WallDurations': [8.0, 7034.0], 'StartTimes': [1560108548.0], 'SubmitTimes': [1560106288.0], 'JobIds': ['40415805.0'], 'EndTimes': [1560115582.0], 'Restarts': 0, 'RecordedSite': True, 'State': 'finished', 'ResidentSetSize': [2329048], 'TotalUserCpuTimeHistory': [8460], 'SiteHistory': ['Unknown', 'T2_US_Vanderbilt'], 'TotalSysCpuTimeHistory': [1302]}, '18': {'Retries': 0, 'WallDurations': [9.0, 7711.0], 'StartTimes': [1560108547.0], 'SubmitTimes': [1560106281.0], 'JobIds': ['40415803.0'], 'EndTimes': [1560116258.0], 'Restarts': 0, 'RecordedSite': True, 'State': 'finished', 'ResidentSetSize': [2419536], 'TotalUserCpuTimeHistory': [8238], 'SiteHistory': ['Unknown', 'T2_US_Vanderbilt'], 'TotalSysCpuTimeHistory': [1321]}}
INFO 2019-06-10 09:49:58,545: 	 Status on the scheduler:	COMPLETED
INFO 2019-06-10 09:49:58,546: 	 
Jobs status:                    finished     		100.0% (39/39)
INFO 2019-06-10 09:49:58,546: 	 
No publication information (publication has been disabled in the CRAB configuration file)
INFO 2019-06-10 09:49:58,549: 	 
Warning: the max jobs runtime is less than 30% of the task requested value (1250 min), please consider to request a lower value for failed jobs (allowed through crab resubmit) and/or improve the jobs splitting (e.g. config.Data.splitting = 'Automatic') in a new task.
INFO 2019-06-10 09:49:58,549: 	 
Warning: the average jobs CPU efficiency is less than 50%, please consider to request a lower number of threads for failed jobs (allowed through crab resubmit) and/or improve the jobs splitting (e.g. config.Data.splitting = 'Automatic') in a new task
INFO 2019-06-10 09:49:58,550: 	 
Summary of run jobs:
 * Memory: 1301MB min, 3484MB max, 1925MB ave
 * Runtime: 0:16:20 min, 3:06:29 max, 1:50:52 ave
 * CPU eff: 12% min, 38% max, 23% ave
 * Waste: 38:52:05 (35% of total)

INFO 2019-06-10 09:49:58,575: 	 Log file is /uscms_data/d3/skim2/2018-LLDJ_slc6_700_CMSSW_10_2_15/src/2018lldj/ntuples/config/gitignore/2018_LLDJ_prac/crabsubmits_2018_LLDJ_prac/crab_DY50_1_amc/crab.log
